[0.054s] Invoking command in '/home/xinhongwang/ws02_tools/build/cpp06_urdf': CMAKE_PREFIX_PATH=/opt/ros/humble /usr/bin/cmake --build /home/xinhongwang/ws02_tools/build/cpp06_urdf -- -j8 -l8
[0.612s] Invoked command in '/home/xinhongwang/ws02_tools/build/cpp06_urdf' returned '0': CMAKE_PREFIX_PATH=/opt/ros/humble /usr/bin/cmake --build /home/xinhongwang/ws02_tools/build/cpp06_urdf -- -j8 -l8
[0.616s] Invoking command in '/home/xinhongwang/ws02_tools/build/cpp06_urdf': CMAKE_PREFIX_PATH=/opt/ros/humble /usr/bin/cmake --install /home/xinhongwang/ws02_tools/build/cpp06_urdf
[0.657s] -- Install configuration: ""
[0.659s] -- Up-to-date: /home/xinhongwang/ws02_tools/install/cpp06_urdf/share/cpp06_urdf/launch
[0.661s] -- Up-to-date: /home/xinhongwang/ws02_tools/install/cpp06_urdf/share/cpp06_urdf/launch/gazebo_sim.launch.py
[0.666s] -- Up-to-date: /home/xinhongwang/ws02_tools/install/cpp06_urdf/share/cpp06_urdf/launch/display.launch.py
[0.667s] -- Up-to-date: /home/xinhongwang/ws02_tools/install/cpp06_urdf/share/cpp06_urdf/rviz
[0.667s] -- Up-to-date: /home/xinhongwang/ws02_tools/install/cpp06_urdf/share/cpp06_urdf/rviz/urdf.rviz
[0.667s] -- Up-to-date: /home/xinhongwang/ws02_tools/install/cpp06_urdf/share/cpp06_urdf/urdf
[0.668s] -- Up-to-date: /home/xinhongwang/ws02_tools/install/cpp06_urdf/share/cpp06_urdf/urdf/model.config
[0.668s] -- Up-to-date: /home/xinhongwang/ws02_tools/install/cpp06_urdf/share/cpp06_urdf/urdf/xacro
[0.668s] -- Up-to-date: /home/xinhongwang/ws02_tools/install/cpp06_urdf/share/cpp06_urdf/urdf/xacro/car_camera.urdf.xacro
[0.668s] -- Up-to-date: /home/xinhongwang/ws02_tools/install/cpp06_urdf/share/cpp06_urdf/urdf/xacro/demo04_base_include.urdf.xacro
[0.669s] -- Up-to-date: /home/xinhongwang/ws02_tools/install/cpp06_urdf/share/cpp06_urdf/urdf/xacro/common_inertia.xacro
[0.669s] -- Up-to-date: /home/xinhongwang/ws02_tools/install/cpp06_urdf/share/cpp06_urdf/urdf/xacro/car.urdf.xacro
[0.669s] -- Up-to-date: /home/xinhongwang/ws02_tools/install/cpp06_urdf/share/cpp06_urdf/urdf/xacro/car_base.urdf.xacro
[0.670s] -- Up-to-date: /home/xinhongwang/ws02_tools/install/cpp06_urdf/share/cpp06_urdf/urdf/xacro/demo03_base_func.urdf.xacro
[0.670s] -- Up-to-date: /home/xinhongwang/ws02_tools/install/cpp06_urdf/share/cpp06_urdf/urdf/xacro/demo02_base_pro.urdf.xacro
[0.670s] -- Up-to-date: /home/xinhongwang/ws02_tools/install/cpp06_urdf/share/cpp06_urdf/urdf/xacro/car_laser.urdf.xacro
[0.670s] -- Up-to-date: /home/xinhongwang/ws02_tools/install/cpp06_urdf/share/cpp06_urdf/urdf/xacro/demo01_helloworld.urdf.xacro
[0.671s] -- Up-to-date: /home/xinhongwang/ws02_tools/install/cpp06_urdf/share/cpp06_urdf/urdf/urdf
[0.671s] -- Up-to-date: /home/xinhongwang/ws02_tools/install/cpp06_urdf/share/cpp06_urdf/urdf/urdf/fis_robot.urdf
[0.671s] -- Up-to-date: /home/xinhongwang/ws02_tools/install/cpp06_urdf/share/cpp06_urdf/urdf/urdf/my_car.pdf
[0.672s] -- Up-to-date: /home/xinhongwang/ws02_tools/install/cpp06_urdf/share/cpp06_urdf/urdf/urdf/demo05_exercise.urdf
[0.672s] -- Up-to-date: /home/xinhongwang/ws02_tools/install/cpp06_urdf/share/cpp06_urdf/urdf/urdf/demo02_link.urdf
[0.672s] -- Up-to-date: /home/xinhongwang/ws02_tools/install/cpp06_urdf/share/cpp06_urdf/urdf/urdf/demo01_helloworld.urdf
[0.672s] -- Up-to-date: /home/xinhongwang/ws02_tools/install/cpp06_urdf/share/cpp06_urdf/urdf/urdf/my_car.gv
[0.673s] -- Up-to-date: /home/xinhongwang/ws02_tools/install/cpp06_urdf/share/cpp06_urdf/urdf/urdf/demo03_joint.urdf
[0.673s] -- Up-to-date: /home/xinhongwang/ws02_tools/install/cpp06_urdf/share/cpp06_urdf/urdf/urdf/demo04_basefootprint.urdf
[0.673s] -- Up-to-date: /home/xinhongwang/ws02_tools/install/cpp06_urdf/share/cpp06_urdf/meshes
[0.674s] -- Up-to-date: /home/xinhongwang/ws02_tools/install/cpp06_urdf/share/cpp06_urdf/meshes/burger_base.stl
[0.674s] -- Up-to-date: /home/xinhongwang/ws02_tools/install/cpp06_urdf/share/cpp06_urdf/worlds
[0.674s] -- Up-to-date: /home/xinhongwang/ws02_tools/install/cpp06_urdf/share/cpp06_urdf/worlds/custorm_room.world
[0.675s] -- Up-to-date: /home/xinhongwang/ws02_tools/install/cpp06_urdf/share/cpp06_urdf/worlds/room
[0.675s] -- Up-to-date: /home/xinhongwang/ws02_tools/install/cpp06_urdf/share/cpp06_urdf/worlds/room/model.sdf
[0.676s] -- Up-to-date: /home/xinhongwang/ws02_tools/install/cpp06_urdf/share/cpp06_urdf/worlds/room/model.config
[0.676s] -- Up-to-date: /home/xinhongwang/ws02_tools/install/cpp06_urdf/share/cpp06_urdf/worlds/empty.world
[0.677s] -- Up-to-date: /home/xinhongwang/ws02_tools/install/cpp06_urdf/share/cpp06_urdf/config
[0.677s] -- Up-to-date: /home/xinhongwang/ws02_tools/install/cpp06_urdf/share/cpp06_urdf/config/controllers.yaml
[0.677s] -- Up-to-date: /home/xinhongwang/ws02_tools/install/cpp06_urdf/share/cpp06_urdf/config/display_robot_model.rviz
[0.678s] -- Up-to-date: /home/xinhongwang/ws02_tools/install/cpp06_urdf/share/ament_index/resource_index/package_run_dependencies/cpp06_urdf
[0.678s] -- Up-to-date: /home/xinhongwang/ws02_tools/install/cpp06_urdf/share/ament_index/resource_index/parent_prefix_path/cpp06_urdf
[0.678s] -- Up-to-date: /home/xinhongwang/ws02_tools/install/cpp06_urdf/share/cpp06_urdf/environment/ament_prefix_path.sh
[0.679s] -- Up-to-date: /home/xinhongwang/ws02_tools/install/cpp06_urdf/share/cpp06_urdf/environment/ament_prefix_path.dsv
[0.679s] -- Up-to-date: /home/xinhongwang/ws02_tools/install/cpp06_urdf/share/cpp06_urdf/environment/path.sh
[0.679s] -- Up-to-date: /home/xinhongwang/ws02_tools/install/cpp06_urdf/share/cpp06_urdf/environment/path.dsv
[0.680s] -- Up-to-date: /home/xinhongwang/ws02_tools/install/cpp06_urdf/share/cpp06_urdf/local_setup.bash
[0.681s] -- Up-to-date: /home/xinhongwang/ws02_tools/install/cpp06_urdf/share/cpp06_urdf/local_setup.sh
[0.681s] -- Up-to-date: /home/xinhongwang/ws02_tools/install/cpp06_urdf/share/cpp06_urdf/local_setup.zsh
[0.681s] -- Up-to-date: /home/xinhongwang/ws02_tools/install/cpp06_urdf/share/cpp06_urdf/local_setup.dsv
[0.683s] -- Up-to-date: /home/xinhongwang/ws02_tools/install/cpp06_urdf/share/cpp06_urdf/package.dsv
[0.683s] -- Up-to-date: /home/xinhongwang/ws02_tools/install/cpp06_urdf/share/ament_index/resource_index/packages/cpp06_urdf
[0.683s] -- Up-to-date: /home/xinhongwang/ws02_tools/install/cpp06_urdf/share/cpp06_urdf/cmake/cpp06_urdfConfig.cmake
[0.684s] -- Up-to-date: /home/xinhongwang/ws02_tools/install/cpp06_urdf/share/cpp06_urdf/cmake/cpp06_urdfConfig-version.cmake
[0.685s] -- Up-to-date: /home/xinhongwang/ws02_tools/install/cpp06_urdf/share/cpp06_urdf/package.xml
[0.712s] Invoked command in '/home/xinhongwang/ws02_tools/build/cpp06_urdf' returned '0': CMAKE_PREFIX_PATH=/opt/ros/humble /usr/bin/cmake --install /home/xinhongwang/ws02_tools/build/cpp06_urdf
