[0.046s] Invoking command in '/home/xinhongwang/ws02_tools/build/car_navigation2': CMAKE_PREFIX_PATH=${CMAKE_PREFIX_PATH}:/home/xinhongwang/ws02_tools/install/py01_launch:/opt/ros/humble /usr/bin/cmake --build /home/xinhongwang/ws02_tools/build/car_navigation2 -- -j8 -l8
[0.080s] -- Found ament_cmake: 1.3.11 (/opt/ros/humble/share/ament_cmake/cmake)
[0.229s] -- Found ament_lint_auto: 0.12.11 (/opt/ros/humble/share/ament_lint_auto/cmake)
[0.300s] -- Added test 'flake8' to check Python code syntax and style conventions
[0.300s] -- Added test 'lint_cmake' to check CMake code style
[0.301s] -- Added test 'pep257' to check Python code against some of the docstring style conventions in PEP 257
[0.302s] -- Added test 'xmllint' to check XML markup files
[0.306s] -- Configuring done
[0.313s] -- Generating done
[0.318s] -- Build files have been written to: /home/xinhongwang/ws02_tools/build/car_navigation2
[0.379s] Invoked command in '/home/xinhongwang/ws02_tools/build/car_navigation2' returned '0': CMAKE_PREFIX_PATH=${CMAKE_PREFIX_PATH}:/home/xinhongwang/ws02_tools/install/py01_launch:/opt/ros/humble /usr/bin/cmake --build /home/xinhongwang/ws02_tools/build/car_navigation2 -- -j8 -l8
[0.383s] Invoking command in '/home/xinhongwang/ws02_tools/build/car_navigation2': CMAKE_PREFIX_PATH=${CMAKE_PREFIX_PATH}:/home/xinhongwang/ws02_tools/install/py01_launch:/opt/ros/humble /usr/bin/cmake --install /home/xinhongwang/ws02_tools/build/car_navigation2
[0.390s] -- Install configuration: ""
[0.391s] -- Installing: /home/xinhongwang/ws02_tools/install/car_navigation2/share/car_navigation2/launch
[0.391s] -- Installing: /home/xinhongwang/ws02_tools/install/car_navigation2/share/car_navigation2/launch/navigation2.launch.py
[0.391s] -- Installing: /home/xinhongwang/ws02_tools/install/car_navigation2/share/car_navigation2/config
[0.391s] -- Installing: /home/xinhongwang/ws02_tools/install/car_navigation2/share/car_navigation2/config/nav2_params.yaml
[0.391s] -- Installing: /home/xinhongwang/ws02_tools/install/car_navigation2/share/car_navigation2/maps
[0.391s] -- Installing: /home/xinhongwang/ws02_tools/install/car_navigation2/share/car_navigation2/maps/room.pgm
[0.401s] -- Installing: /home/xinhongwang/ws02_tools/install/car_navigation2/share/car_navigation2/maps/room.yaml
[0.401s] -- Up-to-date: /home/xinhongwang/ws02_tools/install/car_navigation2/share/ament_index/resource_index/package_run_dependencies/car_navigation2
[0.401s] -- Installing: /home/xinhongwang/ws02_tools/install/car_navigation2/share/ament_index/resource_index/parent_prefix_path/car_navigation2
[0.401s] -- Up-to-date: /home/xinhongwang/ws02_tools/install/car_navigation2/share/car_navigation2/environment/ament_prefix_path.sh
[0.401s] -- Installing: /home/xinhongwang/ws02_tools/install/car_navigation2/share/car_navigation2/environment/ament_prefix_path.dsv
[0.401s] -- Up-to-date: /home/xinhongwang/ws02_tools/install/car_navigation2/share/car_navigation2/environment/path.sh
[0.401s] -- Installing: /home/xinhongwang/ws02_tools/install/car_navigation2/share/car_navigation2/environment/path.dsv
[0.401s] -- Up-to-date: /home/xinhongwang/ws02_tools/install/car_navigation2/share/car_navigation2/local_setup.bash
[0.402s] -- Up-to-date: /home/xinhongwang/ws02_tools/install/car_navigation2/share/car_navigation2/local_setup.sh
[0.402s] -- Up-to-date: /home/xinhongwang/ws02_tools/install/car_navigation2/share/car_navigation2/local_setup.zsh
[0.402s] -- Installing: /home/xinhongwang/ws02_tools/install/car_navigation2/share/car_navigation2/local_setup.dsv
[0.402s] -- Installing: /home/xinhongwang/ws02_tools/install/car_navigation2/share/car_navigation2/package.dsv
[0.402s] -- Up-to-date: /home/xinhongwang/ws02_tools/install/car_navigation2/share/ament_index/resource_index/packages/car_navigation2
[0.402s] -- Up-to-date: /home/xinhongwang/ws02_tools/install/car_navigation2/share/car_navigation2/cmake/car_navigation2Config.cmake
[0.403s] -- Up-to-date: /home/xinhongwang/ws02_tools/install/car_navigation2/share/car_navigation2/cmake/car_navigation2Config-version.cmake
[0.403s] -- Up-to-date: /home/xinhongwang/ws02_tools/install/car_navigation2/share/car_navigation2/package.xml
[0.411s] Invoked command in '/home/xinhongwang/ws02_tools/build/car_navigation2' returned '0': CMAKE_PREFIX_PATH=${CMAKE_PREFIX_PATH}:/home/xinhongwang/ws02_tools/install/py01_launch:/opt/ros/humble /usr/bin/cmake --install /home/xinhongwang/ws02_tools/build/car_navigation2
