[0.025s] Invoking command in '/home/xinhongwang/ws02_tools/build/cpp06_urdf': CMAKE_PREFIX_PATH=${CMAKE_PREFIX_PATH}:/opt/ros/humble /usr/bin/cmake --build /home/xinhongwang/ws02_tools/build/cpp06_urdf -- -j8 -l8
[0.178s] Invoked command in '/home/xinhongwang/ws02_tools/build/cpp06_urdf' returned '0': CMAKE_PREFIX_PATH=${CMAKE_PREFIX_PATH}:/opt/ros/humble /usr/bin/cmake --build /home/xinhongwang/ws02_tools/build/cpp06_urdf -- -j8 -l8
[0.181s] Invoking command in '/home/xinhongwang/ws02_tools/build/cpp06_urdf': CMAKE_PREFIX_PATH=${CMAKE_PREFIX_PATH}:/opt/ros/humble /usr/bin/cmake --install /home/xinhongwang/ws02_tools/build/cpp06_urdf
[0.191s] -- Install configuration: ""
[0.202s] -- Execute custom install script
[0.202s] -- Up-to-date symlink: /home/xinhongwang/ws02_tools/install/cpp06_urdf/share/cpp06_urdf/launch/display.launch.py
[0.204s] -- Up-to-date symlink: /home/xinhongwang/ws02_tools/install/cpp06_urdf/share/cpp06_urdf/launch/gazebo_sim.launch.py
[0.205s] -- Up-to-date symlink: /home/xinhongwang/ws02_tools/install/cpp06_urdf/share/cpp06_urdf/rviz/urdf.rviz
[0.206s] -- Up-to-date symlink: /home/xinhongwang/ws02_tools/install/cpp06_urdf/share/cpp06_urdf/urdf/model.config
[0.206s] -- Up-to-date symlink: /home/xinhongwang/ws02_tools/install/cpp06_urdf/share/cpp06_urdf/urdf/urdf/demo01_helloworld.urdf
[0.206s] -- Up-to-date symlink: /home/xinhongwang/ws02_tools/install/cpp06_urdf/share/cpp06_urdf/urdf/urdf/demo02_link.urdf
[0.207s] -- Up-to-date symlink: /home/xinhongwang/ws02_tools/install/cpp06_urdf/share/cpp06_urdf/urdf/urdf/demo03_joint.urdf
[0.207s] -- Up-to-date symlink: /home/xinhongwang/ws02_tools/install/cpp06_urdf/share/cpp06_urdf/urdf/urdf/demo04_basefootprint.urdf
[0.207s] -- Up-to-date symlink: /home/xinhongwang/ws02_tools/install/cpp06_urdf/share/cpp06_urdf/urdf/urdf/demo05_exercise.urdf
[0.208s] -- Up-to-date symlink: /home/xinhongwang/ws02_tools/install/cpp06_urdf/share/cpp06_urdf/urdf/urdf/fish_robot.urdf
[0.208s] -- Up-to-date symlink: /home/xinhongwang/ws02_tools/install/cpp06_urdf/share/cpp06_urdf/urdf/urdf/my_car.gv
[0.209s] -- Up-to-date symlink: /home/xinhongwang/ws02_tools/install/cpp06_urdf/share/cpp06_urdf/urdf/urdf/my_car.pdf
[0.210s] -- Up-to-date symlink: /home/xinhongwang/ws02_tools/install/cpp06_urdf/share/cpp06_urdf/urdf/urdf/two_wheels.urdf
[0.210s] -- Up-to-date symlink: /home/xinhongwang/ws02_tools/install/cpp06_urdf/share/cpp06_urdf/urdf/xacro/car.urdf.xacro
[0.210s] -- Up-to-date symlink: /home/xinhongwang/ws02_tools/install/cpp06_urdf/share/cpp06_urdf/urdf/xacro/car_base.urdf.xacro
[0.210s] -- Up-to-date symlink: /home/xinhongwang/ws02_tools/install/cpp06_urdf/share/cpp06_urdf/urdf/xacro/car_camera.urdf.xacro
[0.210s] -- Up-to-date symlink: /home/xinhongwang/ws02_tools/install/cpp06_urdf/share/cpp06_urdf/urdf/xacro/car_caster.urdf.xacro
[0.210s] -- Up-to-date symlink: /home/xinhongwang/ws02_tools/install/cpp06_urdf/share/cpp06_urdf/urdf/xacro/car_control.urdf.xacro
[0.210s] -- Up-to-date symlink: /home/xinhongwang/ws02_tools/install/cpp06_urdf/share/cpp06_urdf/urdf/xacro/car_imu.urdf.xacro
[0.210s] -- Up-to-date symlink: /home/xinhongwang/ws02_tools/install/cpp06_urdf/share/cpp06_urdf/urdf/xacro/car_laser.urdf.xacro
[0.210s] -- Up-to-date symlink: /home/xinhongwang/ws02_tools/install/cpp06_urdf/share/cpp06_urdf/urdf/xacro/common_inertia.xacro
[0.212s] -- Up-to-date symlink: /home/xinhongwang/ws02_tools/install/cpp06_urdf/share/cpp06_urdf/urdf/xacro/demo01_helloworld.urdf.xacro
[0.213s] -- Up-to-date symlink: /home/xinhongwang/ws02_tools/install/cpp06_urdf/share/cpp06_urdf/urdf/xacro/demo02_base_pro.urdf.xacro
[0.213s] -- Up-to-date symlink: /home/xinhongwang/ws02_tools/install/cpp06_urdf/share/cpp06_urdf/urdf/xacro/demo03_base_func.urdf.xacro
[0.213s] -- Up-to-date symlink: /home/xinhongwang/ws02_tools/install/cpp06_urdf/share/cpp06_urdf/urdf/xacro/demo04_base_include.urdf.xacro
[0.213s] -- Up-to-date symlink: /home/xinhongwang/ws02_tools/install/cpp06_urdf/share/cpp06_urdf/urdf/xacro/gazebo_control_plugin.xacro
[0.213s] -- Up-to-date symlink: /home/xinhongwang/ws02_tools/install/cpp06_urdf/share/cpp06_urdf/urdf/xacro/gazebo_sensor_plugin.xacro
[0.215s] -- Up-to-date symlink: /home/xinhongwang/ws02_tools/install/cpp06_urdf/share/cpp06_urdf/meshes/burger_base.stl
[0.215s] -- Up-to-date symlink: /home/xinhongwang/ws02_tools/install/cpp06_urdf/share/cpp06_urdf/worlds/bighouse
[0.215s] -- Up-to-date symlink: /home/xinhongwang/ws02_tools/install/cpp06_urdf/share/cpp06_urdf/worlds/custom_room.world
[0.216s] -- Up-to-date symlink: /home/xinhongwang/ws02_tools/install/cpp06_urdf/share/cpp06_urdf/worlds/empty.world
[0.218s] -- Up-to-date symlink: /home/xinhongwang/ws02_tools/install/cpp06_urdf/share/cpp06_urdf/worlds/house1
[0.218s] -- Up-to-date symlink: /home/xinhongwang/ws02_tools/install/cpp06_urdf/share/cpp06_urdf/worlds/house2
[0.218s] -- Up-to-date symlink: /home/xinhongwang/ws02_tools/install/cpp06_urdf/share/cpp06_urdf/worlds/room/model.config
[0.218s] -- Up-to-date symlink: /home/xinhongwang/ws02_tools/install/cpp06_urdf/share/cpp06_urdf/worlds/room/model.sdf
[0.218s] -- Up-to-date symlink: /home/xinhongwang/ws02_tools/install/cpp06_urdf/share/cpp06_urdf/worlds/room1/model.config
[0.218s] [33mCMake Warning (dev) at ament_cmake_symlink_install/ament_cmake_symlink_install.cmake:62 (file):
[0.218s]   Policy CMP0009 is not set: FILE GLOB_RECURSE calls should not follow
[0.220s]   symlinks by default.  Run "cmake --help-policy CMP0009" for policy details.
[0.221s]   Use the cmake_policy command to set the policy and suppress this warning.
[0.221s] Call Stack (most recent call first):
[0.221s]   ament_cmake_symlink_install/ament_cmake_symlink_install.cmake:314 (ament_cmake_symlink_install_directory)
[0.222s]   cmake_install.cmake:46 (include)
[0.222s] This warning is for project developers.  Use -Wno-dev to suppress it.
[0.222s] [0m
[0.222s] -- Up-to-date symlink: /home/xinhongwang/ws02_tools/install/cpp06_urdf/share/cpp06_urdf/worlds/room1/model.sdf
[0.223s] -- Up-to-date symlink: /home/xinhongwang/ws02_tools/install/cpp06_urdf/share/cpp06_urdf/worlds/room2/model.config
[0.223s] -- Up-to-date symlink: /home/xinhongwang/ws02_tools/install/cpp06_urdf/share/cpp06_urdf/worlds/room2/model.sdf
[0.223s] -- Up-to-date symlink: /home/xinhongwang/ws02_tools/install/cpp06_urdf/share/cpp06_urdf/config/build/.built_by
[0.223s] -- Up-to-date symlink: /home/xinhongwang/ws02_tools/install/cpp06_urdf/share/cpp06_urdf/config/build/COLCON_IGNORE
[0.223s] -- Up-to-date symlink: /home/xinhongwang/ws02_tools/install/cpp06_urdf/share/cpp06_urdf/config/car_controller.yaml
[0.223s] -- Up-to-date symlink: /home/xinhongwang/ws02_tools/install/cpp06_urdf/share/cpp06_urdf/config/display_robot_model.rviz
[0.223s] -- Up-to-date symlink: /home/xinhongwang/ws02_tools/install/cpp06_urdf/share/cpp06_urdf/config/install/.colcon_install_layout
[0.224s] -- Up-to-date symlink: /home/xinhongwang/ws02_tools/install/cpp06_urdf/share/cpp06_urdf/config/install/COLCON_IGNORE
[0.224s] -- Up-to-date symlink: /home/xinhongwang/ws02_tools/install/cpp06_urdf/share/cpp06_urdf/config/install/_local_setup_util_ps1.py
[0.225s] -- Up-to-date symlink: /home/xinhongwang/ws02_tools/install/cpp06_urdf/share/cpp06_urdf/config/install/_local_setup_util_sh.py
[0.225s] -- Up-to-date symlink: /home/xinhongwang/ws02_tools/install/cpp06_urdf/share/cpp06_urdf/config/install/local_setup.bash
[0.226s] -- Up-to-date symlink: /home/xinhongwang/ws02_tools/install/cpp06_urdf/share/cpp06_urdf/config/install/local_setup.ps1
[0.226s] -- Up-to-date symlink: /home/xinhongwang/ws02_tools/install/cpp06_urdf/share/cpp06_urdf/config/install/local_setup.sh
[0.227s] -- Up-to-date symlink: /home/xinhongwang/ws02_tools/install/cpp06_urdf/share/cpp06_urdf/config/install/local_setup.zsh
[0.227s] -- Up-to-date symlink: /home/xinhongwang/ws02_tools/install/cpp06_urdf/share/cpp06_urdf/config/install/setup.bash
[0.229s] -- Up-to-date symlink: /home/xinhongwang/ws02_tools/install/cpp06_urdf/share/cpp06_urdf/config/install/setup.ps1
[0.229s] -- Up-to-date symlink: /home/xinhongwang/ws02_tools/install/cpp06_urdf/share/cpp06_urdf/config/install/setup.sh
[0.229s] -- Up-to-date symlink: /home/xinhongwang/ws02_tools/install/cpp06_urdf/share/cpp06_urdf/config/install/setup.zsh
[0.230s] -- Up-to-date symlink: /home/xinhongwang/ws02_tools/install/cpp06_urdf/share/cpp06_urdf/config/log/COLCON_IGNORE
[0.230s] -- Up-to-date symlink: /home/xinhongwang/ws02_tools/install/cpp06_urdf/share/cpp06_urdf/config/log/build_2025-03-20_16-20-56/events.log
[0.231s] -- Up-to-date symlink: /home/xinhongwang/ws02_tools/install/cpp06_urdf/share/cpp06_urdf/config/log/build_2025-03-20_16-20-56/logger_all.log
[0.231s] -- Up-to-date symlink: /home/xinhongwang/ws02_tools/install/cpp06_urdf/share/cpp06_urdf/config/log/latest/events.log
[0.232s] -- Up-to-date symlink: /home/xinhongwang/ws02_tools/install/cpp06_urdf/share/cpp06_urdf/config/log/latest/logger_all.log
[0.232s] -- Up-to-date symlink: /home/xinhongwang/ws02_tools/install/cpp06_urdf/share/cpp06_urdf/config/log/latest_build/events.log
[0.233s] -- Up-to-date symlink: /home/xinhongwang/ws02_tools/install/cpp06_urdf/share/cpp06_urdf/config/log/latest_build/logger_all.log
[0.233s] -- Up-to-date symlink: /home/xinhongwang/ws02_tools/install/cpp06_urdf/share/ament_index/resource_index/package_run_dependencies/cpp06_urdf
[0.233s] -- Up-to-date symlink: /home/xinhongwang/ws02_tools/install/cpp06_urdf/share/ament_index/resource_index/parent_prefix_path/cpp06_urdf
[0.234s] -- Up-to-date symlink: /home/xinhongwang/ws02_tools/install/cpp06_urdf/share/cpp06_urdf/environment/ament_prefix_path.sh
[0.235s] -- Up-to-date symlink: /home/xinhongwang/ws02_tools/install/cpp06_urdf/share/cpp06_urdf/environment/ament_prefix_path.dsv
[0.235s] -- Up-to-date symlink: /home/xinhongwang/ws02_tools/install/cpp06_urdf/share/cpp06_urdf/environment/path.sh
[0.236s] -- Up-to-date symlink: /home/xinhongwang/ws02_tools/install/cpp06_urdf/share/cpp06_urdf/environment/path.dsv
[0.238s] -- Up-to-date symlink: /home/xinhongwang/ws02_tools/install/cpp06_urdf/share/cpp06_urdf/local_setup.bash
[0.238s] -- Up-to-date symlink: /home/xinhongwang/ws02_tools/install/cpp06_urdf/share/cpp06_urdf/local_setup.sh
[0.239s] -- Up-to-date symlink: /home/xinhongwang/ws02_tools/install/cpp06_urdf/share/cpp06_urdf/local_setup.zsh
[0.239s] -- Up-to-date symlink: /home/xinhongwang/ws02_tools/install/cpp06_urdf/share/cpp06_urdf/local_setup.dsv
[0.240s] -- Symlinking: /home/xinhongwang/ws02_tools/install/cpp06_urdf/share/cpp06_urdf/package.dsv
[0.253s] -- Up-to-date symlink: /home/xinhongwang/ws02_tools/install/cpp06_urdf/share/ament_index/resource_index/packages/cpp06_urdf
[0.253s] -- Up-to-date symlink: /home/xinhongwang/ws02_tools/install/cpp06_urdf/share/cpp06_urdf/cmake/cpp06_urdfConfig.cmake
[0.255s] -- Up-to-date symlink: /home/xinhongwang/ws02_tools/install/cpp06_urdf/share/cpp06_urdf/cmake/cpp06_urdfConfig-version.cmake
[0.255s] -- Up-to-date symlink: /home/xinhongwang/ws02_tools/install/cpp06_urdf/share/cpp06_urdf/package.xml
[0.257s] Invoked command in '/home/xinhongwang/ws02_tools/build/cpp06_urdf' returned '0': CMAKE_PREFIX_PATH=${CMAKE_PREFIX_PATH}:/opt/ros/humble /usr/bin/cmake --install /home/xinhongwang/ws02_tools/build/cpp06_urdf
