running develop
running egg_info
creating py01_launch.egg-info
writing py01_launch.egg-info/PKG-INFO
writing dependency_links to py01_launch.egg-info/dependency_links.txt
writing entry points to py01_launch.egg-info/entry_points.txt
writing requirements to py01_launch.egg-info/requires.txt
writing top-level names to py01_launch.egg-info/top_level.txt
writing manifest file 'py01_launch.egg-info/SOURCES.txt'
reading manifest file 'py01_launch.egg-info/SOURCES.txt'
writing manifest file 'py01_launch.egg-info/SOURCES.txt'
running build_ext
Creating /home/xinhongwang/ws02_tools/install/py01_launch/lib/python3.10/site-packages/py01-launch.egg-link (link to .)

Installed /home/xinhongwang/ws02_tools/build/py01_launch
running symlink_data
creating /home/xinhongwang/ws02_tools/install/py01_launch/share/ament_index
creating /home/xinhongwang/ws02_tools/install/py01_launch/share/ament_index/resource_index
creating /home/xinhongwang/ws02_tools/install/py01_launch/share/ament_index/resource_index/packages
symbolically linking /home/xinhongwang/ws02_tools/build/py01_launch/resource/py01_launch -> /home/xinhongwang/ws02_tools/install/py01_launch/share/ament_index/resource_index/packages
symbolically linking /home/xinhongwang/ws02_tools/build/py01_launch/package.xml -> /home/xinhongwang/ws02_tools/install/py01_launch/share/py01_launch
