[0.315s] DEBUG:colcon:Command line arguments: ['/usr/bin/colcon', 'build']
[0.316s] DEBUG:colcon:Parsed command line arguments: Namespace(log_base=None, log_level=None, verb_name='build', build_base='build', install_base='install', merge_install=False, symlink_install=False, test_result_base=None, continue_on_error=False, executor='parallel', parallel_workers=8, event_handlers=None, ignore_user_meta=False, metas=['./colcon.meta'], base_paths=['.'], packages_ignore=None, packages_ignore_regex=None, paths=None, packages_up_to=None, packages_up_to_regex=None, packages_above=None, packages_above_and_dependencies=None, packages_above_depth=None, packages_select_by_dep=None, packages_skip_by_dep=None, packages_skip_up_to=None, packages_select_build_failed=False, packages_skip_build_finished=False, packages_select_test_failures=False, packages_skip_test_passed=False, packages_select=None, packages_skip=None, packages_select_regex=None, packages_skip_regex=None, packages_start=None, packages_end=None, allow_overriding=[], cmake_args=None, cmake_target=None, cmake_target_skip_unavailable=False, cmake_clean_cache=False, cmake_clean_first=False, cmake_force_configure=False, ament_cmake_args=None, catkin_cmake_args=None, catkin_skip_building_tests=False, verb_parser=<colcon_defaults.argument_parser.defaults.DefaultArgumentsDecorator object at 0x73af957cc220>, verb_extension=<colcon_core.verb.build.BuildVerb object at 0x73af9579bd00>, main=<bound method BuildVerb.main of <colcon_core.verb.build.BuildVerb object at 0x73af9579bd00>>)
[0.664s] Level 1:colcon.colcon_core.package_discovery:discover_packages(colcon_meta) check parameters
[0.664s] Level 1:colcon.colcon_core.package_discovery:discover_packages(recursive) check parameters
[0.664s] Level 1:colcon.colcon_core.package_discovery:discover_packages(ignore) check parameters
[0.664s] Level 1:colcon.colcon_core.package_discovery:discover_packages(path) check parameters
[0.664s] Level 1:colcon.colcon_core.package_discovery:discover_packages(colcon_meta) discover
[0.664s] Level 1:colcon.colcon_core.package_discovery:discover_packages(recursive) discover
[0.664s] INFO:colcon.colcon_core.package_discovery:Crawling recursively for packages in '/home/xinhongwang/ws02_tools'
[0.664s] Level 1:colcon.colcon_core.package_identification:_identify(.) by extensions ['ignore', 'ignore_ament_install']
[0.664s] Level 1:colcon.colcon_core.package_identification:_identify(.) by extension 'ignore'
[0.664s] Level 1:colcon.colcon_core.package_identification:_identify(.) by extension 'ignore_ament_install'
[0.664s] Level 1:colcon.colcon_core.package_identification:_identify(.) by extensions ['colcon_pkg']
[0.664s] Level 1:colcon.colcon_core.package_identification:_identify(.) by extension 'colcon_pkg'
[0.664s] Level 1:colcon.colcon_core.package_identification:_identify(.) by extensions ['colcon_meta']
[0.664s] Level 1:colcon.colcon_core.package_identification:_identify(.) by extension 'colcon_meta'
[0.665s] Level 1:colcon.colcon_core.package_identification:_identify(.) by extensions ['ros']
[0.665s] Level 1:colcon.colcon_core.package_identification:_identify(.) by extension 'ros'
[0.678s] Level 1:colcon.colcon_core.package_identification:_identify(.) by extensions ['cmake', 'python']
[0.678s] Level 1:colcon.colcon_core.package_identification:_identify(.) by extension 'cmake'
[0.678s] Level 1:colcon.colcon_core.package_identification:_identify(.) by extension 'python'
[0.678s] Level 1:colcon.colcon_core.package_identification:_identify(.) by extensions ['python_setup_py']
[0.678s] Level 1:colcon.colcon_core.package_identification:_identify(.) by extension 'python_setup_py'
[0.678s] Level 1:colcon.colcon_core.package_identification:_identify(build) by extensions ['ignore', 'ignore_ament_install']
[0.678s] Level 1:colcon.colcon_core.package_identification:_identify(build) by extension 'ignore'
[0.678s] Level 1:colcon.colcon_core.package_identification:_identify(build) ignored
[0.679s] Level 1:colcon.colcon_core.package_identification:_identify(install) by extensions ['ignore', 'ignore_ament_install']
[0.679s] Level 1:colcon.colcon_core.package_identification:_identify(install) by extension 'ignore'
[0.679s] Level 1:colcon.colcon_core.package_identification:_identify(install) ignored
[0.679s] Level 1:colcon.colcon_core.package_identification:_identify(log) by extensions ['ignore', 'ignore_ament_install']
[0.679s] Level 1:colcon.colcon_core.package_identification:_identify(log) by extension 'ignore'
[0.679s] Level 1:colcon.colcon_core.package_identification:_identify(log) ignored
[0.679s] Level 1:colcon.colcon_core.package_identification:_identify(src) by extensions ['ignore', 'ignore_ament_install']
[0.679s] Level 1:colcon.colcon_core.package_identification:_identify(src) by extension 'ignore'
[0.679s] Level 1:colcon.colcon_core.package_identification:_identify(src) by extension 'ignore_ament_install'
[0.679s] Level 1:colcon.colcon_core.package_identification:_identify(src) by extensions ['colcon_pkg']
[0.679s] Level 1:colcon.colcon_core.package_identification:_identify(src) by extension 'colcon_pkg'
[0.679s] Level 1:colcon.colcon_core.package_identification:_identify(src) by extensions ['colcon_meta']
[0.679s] Level 1:colcon.colcon_core.package_identification:_identify(src) by extension 'colcon_meta'
[0.679s] Level 1:colcon.colcon_core.package_identification:_identify(src) by extensions ['ros']
[0.679s] Level 1:colcon.colcon_core.package_identification:_identify(src) by extension 'ros'
[0.680s] Level 1:colcon.colcon_core.package_identification:_identify(src) by extensions ['cmake', 'python']
[0.680s] Level 1:colcon.colcon_core.package_identification:_identify(src) by extension 'cmake'
[0.680s] Level 1:colcon.colcon_core.package_identification:_identify(src) by extension 'python'
[0.680s] Level 1:colcon.colcon_core.package_identification:_identify(src) by extensions ['python_setup_py']
[0.680s] Level 1:colcon.colcon_core.package_identification:_identify(src) by extension 'python_setup_py'
[0.680s] Level 1:colcon.colcon_core.package_identification:_identify(src/car_navigation2) by extensions ['ignore', 'ignore_ament_install']
[0.680s] Level 1:colcon.colcon_core.package_identification:_identify(src/car_navigation2) by extension 'ignore'
[0.680s] Level 1:colcon.colcon_core.package_identification:_identify(src/car_navigation2) by extension 'ignore_ament_install'
[0.680s] Level 1:colcon.colcon_core.package_identification:_identify(src/car_navigation2) by extensions ['colcon_pkg']
[0.680s] Level 1:colcon.colcon_core.package_identification:_identify(src/car_navigation2) by extension 'colcon_pkg'
[0.680s] Level 1:colcon.colcon_core.package_identification:_identify(src/car_navigation2) by extensions ['colcon_meta']
[0.680s] Level 1:colcon.colcon_core.package_identification:_identify(src/car_navigation2) by extension 'colcon_meta'
[0.680s] Level 1:colcon.colcon_core.package_identification:_identify(src/car_navigation2) by extensions ['ros']
[0.680s] Level 1:colcon.colcon_core.package_identification:_identify(src/car_navigation2) by extension 'ros'
[0.684s] DEBUG:colcon.colcon_core.package_identification:Package 'src/car_navigation2' with type 'ros.ament_cmake' and name 'car_navigation2'
[0.684s] Level 1:colcon.colcon_core.package_identification:_identify(src/cpp06_urdf) by extensions ['ignore', 'ignore_ament_install']
[0.684s] Level 1:colcon.colcon_core.package_identification:_identify(src/cpp06_urdf) by extension 'ignore'
[0.685s] Level 1:colcon.colcon_core.package_identification:_identify(src/cpp06_urdf) by extension 'ignore_ament_install'
[0.685s] Level 1:colcon.colcon_core.package_identification:_identify(src/cpp06_urdf) by extensions ['colcon_pkg']
[0.685s] Level 1:colcon.colcon_core.package_identification:_identify(src/cpp06_urdf) by extension 'colcon_pkg'
[0.685s] Level 1:colcon.colcon_core.package_identification:_identify(src/cpp06_urdf) by extensions ['colcon_meta']
[0.685s] Level 1:colcon.colcon_core.package_identification:_identify(src/cpp06_urdf) by extension 'colcon_meta'
[0.685s] Level 1:colcon.colcon_core.package_identification:_identify(src/cpp06_urdf) by extensions ['ros']
[0.685s] Level 1:colcon.colcon_core.package_identification:_identify(src/cpp06_urdf) by extension 'ros'
[0.686s] DEBUG:colcon.colcon_core.package_identification:Package 'src/cpp06_urdf' with type 'ros.ament_cmake' and name 'cpp06_urdf'
[0.686s] Level 1:colcon.colcon_core.package_discovery:discover_packages(recursive) using defaults
[0.686s] Level 1:colcon.colcon_core.package_discovery:discover_packages(ignore) discover
[0.686s] Level 1:colcon.colcon_core.package_discovery:discover_packages(ignore) using defaults
[0.686s] Level 1:colcon.colcon_core.package_discovery:discover_packages(path) discover
[0.686s] Level 1:colcon.colcon_core.package_discovery:discover_packages(path) using defaults
[0.729s] Level 1:colcon.colcon_core.package_discovery:discover_packages(prefix_path) check parameters
[0.729s] Level 1:colcon.colcon_core.package_discovery:discover_packages(prefix_path) discover
[0.735s] DEBUG:colcon.colcon_installed_package_information.package_discovery:Found 2 installed packages in /home/xinhongwang/ws02_tools/install
[0.739s] DEBUG:colcon.colcon_installed_package_information.package_discovery:Found 2 installed packages in /home/xinhongwang/ws00_helloworld/install
[0.742s] DEBUG:colcon.colcon_installed_package_information.package_discovery:Found 409 installed packages in /opt/ros/humble
[0.744s] Level 1:colcon.colcon_core.package_discovery:discover_packages(prefix_path) using defaults
[0.874s] Level 5:colcon.colcon_core.verb:set package 'car_navigation2' build argument 'cmake_args' from command line to 'None'
[0.875s] Level 5:colcon.colcon_core.verb:set package 'car_navigation2' build argument 'cmake_target' from command line to 'None'
[0.875s] Level 5:colcon.colcon_core.verb:set package 'car_navigation2' build argument 'cmake_target_skip_unavailable' from command line to 'False'
[0.875s] Level 5:colcon.colcon_core.verb:set package 'car_navigation2' build argument 'cmake_clean_cache' from command line to 'False'
[0.875s] Level 5:colcon.colcon_core.verb:set package 'car_navigation2' build argument 'cmake_clean_first' from command line to 'False'
[0.875s] Level 5:colcon.colcon_core.verb:set package 'car_navigation2' build argument 'cmake_force_configure' from command line to 'False'
[0.875s] Level 5:colcon.colcon_core.verb:set package 'car_navigation2' build argument 'ament_cmake_args' from command line to 'None'
[0.875s] Level 5:colcon.colcon_core.verb:set package 'car_navigation2' build argument 'catkin_cmake_args' from command line to 'None'
[0.875s] Level 5:colcon.colcon_core.verb:set package 'car_navigation2' build argument 'catkin_skip_building_tests' from command line to 'False'
[0.875s] DEBUG:colcon.colcon_core.verb:Building package 'car_navigation2' with the following arguments: {'ament_cmake_args': None, 'build_base': '/home/xinhongwang/ws02_tools/build/car_navigation2', 'catkin_cmake_args': None, 'catkin_skip_building_tests': False, 'cmake_args': None, 'cmake_clean_cache': False, 'cmake_clean_first': False, 'cmake_force_configure': False, 'cmake_target': None, 'cmake_target_skip_unavailable': False, 'install_base': '/home/xinhongwang/ws02_tools/install/car_navigation2', 'merge_install': False, 'path': '/home/xinhongwang/ws02_tools/src/car_navigation2', 'symlink_install': False, 'test_result_base': None}
[0.875s] Level 5:colcon.colcon_core.verb:set package 'cpp06_urdf' build argument 'cmake_args' from command line to 'None'
[0.875s] Level 5:colcon.colcon_core.verb:set package 'cpp06_urdf' build argument 'cmake_target' from command line to 'None'
[0.875s] Level 5:colcon.colcon_core.verb:set package 'cpp06_urdf' build argument 'cmake_target_skip_unavailable' from command line to 'False'
[0.876s] Level 5:colcon.colcon_core.verb:set package 'cpp06_urdf' build argument 'cmake_clean_cache' from command line to 'False'
[0.876s] Level 5:colcon.colcon_core.verb:set package 'cpp06_urdf' build argument 'cmake_clean_first' from command line to 'False'
[0.876s] Level 5:colcon.colcon_core.verb:set package 'cpp06_urdf' build argument 'cmake_force_configure' from command line to 'False'
[0.876s] Level 5:colcon.colcon_core.verb:set package 'cpp06_urdf' build argument 'ament_cmake_args' from command line to 'None'
[0.876s] Level 5:colcon.colcon_core.verb:set package 'cpp06_urdf' build argument 'catkin_cmake_args' from command line to 'None'
[0.876s] Level 5:colcon.colcon_core.verb:set package 'cpp06_urdf' build argument 'catkin_skip_building_tests' from command line to 'False'
[0.876s] DEBUG:colcon.colcon_core.verb:Building package 'cpp06_urdf' with the following arguments: {'ament_cmake_args': None, 'build_base': '/home/xinhongwang/ws02_tools/build/cpp06_urdf', 'catkin_cmake_args': None, 'catkin_skip_building_tests': False, 'cmake_args': None, 'cmake_clean_cache': False, 'cmake_clean_first': False, 'cmake_force_configure': False, 'cmake_target': None, 'cmake_target_skip_unavailable': False, 'install_base': '/home/xinhongwang/ws02_tools/install/cpp06_urdf', 'merge_install': False, 'path': '/home/xinhongwang/ws02_tools/src/cpp06_urdf', 'symlink_install': False, 'test_result_base': None}
[0.876s] INFO:colcon.colcon_core.executor:Executing jobs using 'parallel' executor
[0.877s] DEBUG:colcon.colcon_parallel_executor.executor.parallel:run_until_complete
[0.878s] INFO:colcon.colcon_ros.task.ament_cmake.build:Building ROS package in '/home/xinhongwang/ws02_tools/src/car_navigation2' with build type 'ament_cmake'
[0.878s] INFO:colcon.colcon_cmake.task.cmake.build:Building CMake package in '/home/xinhongwang/ws02_tools/src/car_navigation2'
[0.884s] INFO:colcon.colcon_core.plugin_system:Skipping extension 'colcon_core.shell.bat': Not used on non-Windows systems
[0.884s] INFO:colcon.colcon_core.shell:Skip shell extension 'powershell' for command environment: Not usable outside of PowerShell
[0.884s] DEBUG:colcon.colcon_core.shell:Skip shell extension 'dsv' for command environment
[0.890s] INFO:colcon.colcon_ros.task.ament_cmake.build:Building ROS package in '/home/xinhongwang/ws02_tools/src/cpp06_urdf' with build type 'ament_cmake'
[0.890s] INFO:colcon.colcon_cmake.task.cmake.build:Building CMake package in '/home/xinhongwang/ws02_tools/src/cpp06_urdf'
[0.890s] INFO:colcon.colcon_core.shell:Skip shell extension 'powershell' for command environment: Not usable outside of PowerShell
[0.891s] DEBUG:colcon.colcon_core.shell:Skip shell extension 'dsv' for command environment
[0.901s] DEBUG:colcon.colcon_core.event_handler.log_command:Invoking command in '/home/xinhongwang/ws02_tools/build/car_navigation2': CMAKE_PREFIX_PATH=${CMAKE_PREFIX_PATH}:/opt/ros/humble /usr/bin/cmake --build /home/xinhongwang/ws02_tools/build/car_navigation2 -- -j8 -l8
[0.916s] DEBUG:colcon.colcon_core.event_handler.log_command:Invoking command in '/home/xinhongwang/ws02_tools/build/cpp06_urdf': CMAKE_PREFIX_PATH=${CMAKE_PREFIX_PATH}:/opt/ros/humble /usr/bin/cmake --build /home/xinhongwang/ws02_tools/build/cpp06_urdf -- -j8 -l8
[1.032s] DEBUG:colcon.colcon_core.event_handler.log_command:Invoked command in '/home/xinhongwang/ws02_tools/build/cpp06_urdf' returned '0': CMAKE_PREFIX_PATH=${CMAKE_PREFIX_PATH}:/opt/ros/humble /usr/bin/cmake --build /home/xinhongwang/ws02_tools/build/cpp06_urdf -- -j8 -l8
[1.047s] DEBUG:colcon.colcon_core.event_handler.log_command:Invoking command in '/home/xinhongwang/ws02_tools/build/cpp06_urdf': CMAKE_PREFIX_PATH=${CMAKE_PREFIX_PATH}:/opt/ros/humble /usr/bin/cmake --install /home/xinhongwang/ws02_tools/build/cpp06_urdf
[1.049s] DEBUG:colcon.colcon_core.event_handler.log_command:Invoked command in '/home/xinhongwang/ws02_tools/build/car_navigation2' returned '0': CMAKE_PREFIX_PATH=${CMAKE_PREFIX_PATH}:/opt/ros/humble /usr/bin/cmake --build /home/xinhongwang/ws02_tools/build/car_navigation2 -- -j8 -l8
[1.051s] DEBUG:colcon.colcon_core.event_handler.log_command:Invoking command in '/home/xinhongwang/ws02_tools/build/car_navigation2': CMAKE_PREFIX_PATH=${CMAKE_PREFIX_PATH}:/opt/ros/humble /usr/bin/cmake --install /home/xinhongwang/ws02_tools/build/car_navigation2
[1.081s] Level 1:colcon.colcon_core.environment:create_environment_scripts_only(car_navigation2)
[1.085s] DEBUG:colcon.colcon_core.event_handler.log_command:Invoked command in '/home/xinhongwang/ws02_tools/build/car_navigation2' returned '0': CMAKE_PREFIX_PATH=${CMAKE_PREFIX_PATH}:/opt/ros/humble /usr/bin/cmake --install /home/xinhongwang/ws02_tools/build/car_navigation2
[1.108s] Level 1:colcon.colcon_core.environment:checking '/home/xinhongwang/ws02_tools/install/car_navigation2' for CMake module files
[1.109s] Level 1:colcon.colcon_core.environment:checking '/home/xinhongwang/ws02_tools/install/car_navigation2' for CMake config files
[1.109s] Level 1:colcon.colcon_core.shell:create_environment_hook('car_navigation2', 'cmake_prefix_path')
[1.109s] INFO:colcon.colcon_core.shell:Creating environment hook '/home/xinhongwang/ws02_tools/install/car_navigation2/share/car_navigation2/hook/cmake_prefix_path.ps1'
[1.111s] INFO:colcon.colcon_core.shell:Creating environment descriptor '/home/xinhongwang/ws02_tools/install/car_navigation2/share/car_navigation2/hook/cmake_prefix_path.dsv'
[1.113s] INFO:colcon.colcon_core.shell:Creating environment hook '/home/xinhongwang/ws02_tools/install/car_navigation2/share/car_navigation2/hook/cmake_prefix_path.sh'
[1.115s] Level 1:colcon.colcon_core.environment:checking '/home/xinhongwang/ws02_tools/install/car_navigation2/bin'
[1.116s] Level 1:colcon.colcon_core.environment:checking '/home/xinhongwang/ws02_tools/install/car_navigation2/lib/pkgconfig/car_navigation2.pc'
[1.116s] Level 1:colcon.colcon_core.environment:checking '/home/xinhongwang/ws02_tools/install/car_navigation2/lib/python3.10/site-packages'
[1.116s] Level 1:colcon.colcon_core.environment:checking '/home/xinhongwang/ws02_tools/install/car_navigation2/bin'
[1.117s] INFO:colcon.colcon_core.shell:Creating package script '/home/xinhongwang/ws02_tools/install/car_navigation2/share/car_navigation2/package.ps1'
[1.119s] INFO:colcon.colcon_core.shell:Creating package descriptor '/home/xinhongwang/ws02_tools/install/car_navigation2/share/car_navigation2/package.dsv'
[1.120s] INFO:colcon.colcon_core.shell:Creating package script '/home/xinhongwang/ws02_tools/install/car_navigation2/share/car_navigation2/package.sh'
[1.122s] INFO:colcon.colcon_core.shell:Creating package script '/home/xinhongwang/ws02_tools/install/car_navigation2/share/car_navigation2/package.bash'
[1.124s] INFO:colcon.colcon_core.shell:Creating package script '/home/xinhongwang/ws02_tools/install/car_navigation2/share/car_navigation2/package.zsh'
[1.127s] Level 1:colcon.colcon_core.environment:create_file_with_runtime_dependencies(/home/xinhongwang/ws02_tools/install/car_navigation2/share/colcon-core/packages/car_navigation2)
[1.128s] Level 1:colcon.colcon_core.environment:create_environment_scripts_only(car_navigation2)
[1.128s] Level 1:colcon.colcon_core.environment:checking '/home/xinhongwang/ws02_tools/install/car_navigation2' for CMake module files
[1.129s] Level 1:colcon.colcon_core.environment:checking '/home/xinhongwang/ws02_tools/install/car_navigation2' for CMake config files
[1.130s] Level 1:colcon.colcon_core.shell:create_environment_hook('car_navigation2', 'cmake_prefix_path')
[1.130s] INFO:colcon.colcon_core.shell:Creating environment hook '/home/xinhongwang/ws02_tools/install/car_navigation2/share/car_navigation2/hook/cmake_prefix_path.ps1'
[1.131s] INFO:colcon.colcon_core.shell:Creating environment descriptor '/home/xinhongwang/ws02_tools/install/car_navigation2/share/car_navigation2/hook/cmake_prefix_path.dsv'
[1.132s] INFO:colcon.colcon_core.shell:Creating environment hook '/home/xinhongwang/ws02_tools/install/car_navigation2/share/car_navigation2/hook/cmake_prefix_path.sh'
[1.132s] Level 1:colcon.colcon_core.environment:checking '/home/xinhongwang/ws02_tools/install/car_navigation2/bin'
[1.132s] Level 1:colcon.colcon_core.environment:checking '/home/xinhongwang/ws02_tools/install/car_navigation2/lib/pkgconfig/car_navigation2.pc'
[1.133s] Level 1:colcon.colcon_core.environment:checking '/home/xinhongwang/ws02_tools/install/car_navigation2/lib/python3.10/site-packages'
[1.133s] Level 1:colcon.colcon_core.environment:checking '/home/xinhongwang/ws02_tools/install/car_navigation2/bin'
[1.133s] INFO:colcon.colcon_core.shell:Creating package script '/home/xinhongwang/ws02_tools/install/car_navigation2/share/car_navigation2/package.ps1'
[1.134s] INFO:colcon.colcon_core.shell:Creating package descriptor '/home/xinhongwang/ws02_tools/install/car_navigation2/share/car_navigation2/package.dsv'
[1.135s] INFO:colcon.colcon_core.shell:Creating package script '/home/xinhongwang/ws02_tools/install/car_navigation2/share/car_navigation2/package.sh'
[1.136s] INFO:colcon.colcon_core.shell:Creating package script '/home/xinhongwang/ws02_tools/install/car_navigation2/share/car_navigation2/package.bash'
[1.136s] INFO:colcon.colcon_core.shell:Creating package script '/home/xinhongwang/ws02_tools/install/car_navigation2/share/car_navigation2/package.zsh'
[1.137s] Level 1:colcon.colcon_core.environment:create_file_with_runtime_dependencies(/home/xinhongwang/ws02_tools/install/car_navigation2/share/colcon-core/packages/car_navigation2)
[1.139s] Level 1:colcon.colcon_core.environment:create_environment_scripts_only(cpp06_urdf)
[1.139s] Level 1:colcon.colcon_core.environment:checking '/home/xinhongwang/ws02_tools/install/cpp06_urdf' for CMake module files
[1.140s] DEBUG:colcon.colcon_core.event_handler.log_command:Invoked command in '/home/xinhongwang/ws02_tools/build/cpp06_urdf' returned '0': CMAKE_PREFIX_PATH=${CMAKE_PREFIX_PATH}:/opt/ros/humble /usr/bin/cmake --install /home/xinhongwang/ws02_tools/build/cpp06_urdf
[1.141s] Level 1:colcon.colcon_core.environment:checking '/home/xinhongwang/ws02_tools/install/cpp06_urdf' for CMake config files
[1.143s] Level 1:colcon.colcon_core.shell:create_environment_hook('cpp06_urdf', 'cmake_prefix_path')
[1.144s] INFO:colcon.colcon_core.shell:Creating environment hook '/home/xinhongwang/ws02_tools/install/cpp06_urdf/share/cpp06_urdf/hook/cmake_prefix_path.ps1'
[1.144s] INFO:colcon.colcon_core.shell:Creating environment descriptor '/home/xinhongwang/ws02_tools/install/cpp06_urdf/share/cpp06_urdf/hook/cmake_prefix_path.dsv'
[1.145s] INFO:colcon.colcon_core.shell:Creating environment hook '/home/xinhongwang/ws02_tools/install/cpp06_urdf/share/cpp06_urdf/hook/cmake_prefix_path.sh'
[1.146s] Level 1:colcon.colcon_core.environment:checking '/home/xinhongwang/ws02_tools/install/cpp06_urdf/bin'
[1.146s] Level 1:colcon.colcon_core.environment:checking '/home/xinhongwang/ws02_tools/install/cpp06_urdf/lib/pkgconfig/cpp06_urdf.pc'
[1.146s] Level 1:colcon.colcon_core.environment:checking '/home/xinhongwang/ws02_tools/install/cpp06_urdf/lib/python3.10/site-packages'
[1.146s] Level 1:colcon.colcon_core.environment:checking '/home/xinhongwang/ws02_tools/install/cpp06_urdf/bin'
[1.146s] INFO:colcon.colcon_core.shell:Creating package script '/home/xinhongwang/ws02_tools/install/cpp06_urdf/share/cpp06_urdf/package.ps1'
[1.147s] INFO:colcon.colcon_core.shell:Creating package descriptor '/home/xinhongwang/ws02_tools/install/cpp06_urdf/share/cpp06_urdf/package.dsv'
[1.148s] INFO:colcon.colcon_core.shell:Creating package script '/home/xinhongwang/ws02_tools/install/cpp06_urdf/share/cpp06_urdf/package.sh'
[1.149s] INFO:colcon.colcon_core.shell:Creating package script '/home/xinhongwang/ws02_tools/install/cpp06_urdf/share/cpp06_urdf/package.bash'
[1.150s] INFO:colcon.colcon_core.shell:Creating package script '/home/xinhongwang/ws02_tools/install/cpp06_urdf/share/cpp06_urdf/package.zsh'
[1.151s] Level 1:colcon.colcon_core.environment:create_file_with_runtime_dependencies(/home/xinhongwang/ws02_tools/install/cpp06_urdf/share/colcon-core/packages/cpp06_urdf)
[1.152s] Level 1:colcon.colcon_core.environment:create_environment_scripts_only(cpp06_urdf)
[1.152s] Level 1:colcon.colcon_core.environment:checking '/home/xinhongwang/ws02_tools/install/cpp06_urdf' for CMake module files
[1.153s] Level 1:colcon.colcon_core.environment:checking '/home/xinhongwang/ws02_tools/install/cpp06_urdf' for CMake config files
[1.155s] Level 1:colcon.colcon_core.shell:create_environment_hook('cpp06_urdf', 'cmake_prefix_path')
[1.155s] INFO:colcon.colcon_core.shell:Creating environment hook '/home/xinhongwang/ws02_tools/install/cpp06_urdf/share/cpp06_urdf/hook/cmake_prefix_path.ps1'
[1.155s] INFO:colcon.colcon_core.shell:Creating environment descriptor '/home/xinhongwang/ws02_tools/install/cpp06_urdf/share/cpp06_urdf/hook/cmake_prefix_path.dsv'
[1.156s] INFO:colcon.colcon_core.shell:Creating environment hook '/home/xinhongwang/ws02_tools/install/cpp06_urdf/share/cpp06_urdf/hook/cmake_prefix_path.sh'
[1.157s] Level 1:colcon.colcon_core.environment:checking '/home/xinhongwang/ws02_tools/install/cpp06_urdf/bin'
[1.157s] Level 1:colcon.colcon_core.environment:checking '/home/xinhongwang/ws02_tools/install/cpp06_urdf/lib/pkgconfig/cpp06_urdf.pc'
[1.157s] Level 1:colcon.colcon_core.environment:checking '/home/xinhongwang/ws02_tools/install/cpp06_urdf/lib/python3.10/site-packages'
[1.157s] Level 1:colcon.colcon_core.environment:checking '/home/xinhongwang/ws02_tools/install/cpp06_urdf/bin'
[1.157s] INFO:colcon.colcon_core.shell:Creating package script '/home/xinhongwang/ws02_tools/install/cpp06_urdf/share/cpp06_urdf/package.ps1'
[1.158s] INFO:colcon.colcon_core.shell:Creating package descriptor '/home/xinhongwang/ws02_tools/install/cpp06_urdf/share/cpp06_urdf/package.dsv'
[1.159s] INFO:colcon.colcon_core.shell:Creating package script '/home/xinhongwang/ws02_tools/install/cpp06_urdf/share/cpp06_urdf/package.sh'
[1.160s] INFO:colcon.colcon_core.shell:Creating package script '/home/xinhongwang/ws02_tools/install/cpp06_urdf/share/cpp06_urdf/package.bash'
[1.161s] INFO:colcon.colcon_core.shell:Creating package script '/home/xinhongwang/ws02_tools/install/cpp06_urdf/share/cpp06_urdf/package.zsh'
[1.161s] Level 1:colcon.colcon_core.environment:create_file_with_runtime_dependencies(/home/xinhongwang/ws02_tools/install/cpp06_urdf/share/colcon-core/packages/cpp06_urdf)
[1.162s] DEBUG:colcon.colcon_parallel_executor.executor.parallel:closing loop
[1.162s] DEBUG:colcon.colcon_parallel_executor.executor.parallel:loop closed
[1.162s] DEBUG:colcon.colcon_parallel_executor.executor.parallel:run_until_complete finished with '0'
[1.162s] DEBUG:colcon.colcon_core.event_reactor:joining thread
[1.177s] INFO:colcon.colcon_core.plugin_system:Skipping extension 'colcon_notification.desktop_notification.terminal_notifier': Not used on non-Darwin systems
[1.177s] INFO:colcon.colcon_core.plugin_system:Skipping extension 'colcon_notification.desktop_notification.win32': Not used on non-Windows systems
[1.178s] INFO:colcon.colcon_notification.desktop_notification:Sending desktop notification using 'notify2'
[1.320s] DEBUG:colcon.colcon_core.event_reactor:joined thread
[1.321s] INFO:colcon.colcon_core.shell:Creating prefix script '/home/xinhongwang/ws02_tools/install/local_setup.ps1'
[1.322s] INFO:colcon.colcon_core.shell:Creating prefix util module '/home/xinhongwang/ws02_tools/install/_local_setup_util_ps1.py'
[1.324s] INFO:colcon.colcon_core.shell:Creating prefix chain script '/home/xinhongwang/ws02_tools/install/setup.ps1'
[1.326s] INFO:colcon.colcon_core.shell:Creating prefix script '/home/xinhongwang/ws02_tools/install/local_setup.sh'
[1.327s] INFO:colcon.colcon_core.shell:Creating prefix util module '/home/xinhongwang/ws02_tools/install/_local_setup_util_sh.py'
[1.328s] INFO:colcon.colcon_core.shell:Creating prefix chain script '/home/xinhongwang/ws02_tools/install/setup.sh'
[1.330s] INFO:colcon.colcon_core.shell:Creating prefix script '/home/xinhongwang/ws02_tools/install/local_setup.bash'
[1.331s] INFO:colcon.colcon_core.shell:Creating prefix chain script '/home/xinhongwang/ws02_tools/install/setup.bash'
[1.332s] INFO:colcon.colcon_core.shell:Creating prefix script '/home/xinhongwang/ws02_tools/install/local_setup.zsh'
[1.333s] INFO:colcon.colcon_core.shell:Creating prefix chain script '/home/xinhongwang/ws02_tools/install/setup.zsh'
