[0.021s] Invoking command in '/home/xinhongwang/ws02_tools/build/cpp03_tf_broadcaster': CMAKE_PREFIX_PATH=${CMAKE_PREFIX_PATH}:/home/xinhongwang/ws02_tools/install/py01_launch:/opt/ros/humble /usr/bin/cmake /home/xinhongwang/ws02_tools/src/cpp03_tf_broadcaster -DAMENT_CMAKE_SYMLINK_INSTALL=1 -DCMAKE_INSTALL_PREFIX=/home/xinhongwang/ws02_tools/install/cpp03_tf_broadcaster
[0.214s] -- The C compiler identification is GNU 11.4.0
[0.375s] -- The CXX compiler identification is GNU 11.4.0
[0.389s] -- Detecting C compiler ABI info
[0.494s] -- Detecting C compiler ABI info - done
[0.515s] -- Check for working C compiler: /usr/bin/cc - skipped
[0.516s] -- Detecting C compile features
[0.516s] -- Detecting C compile features - done
[0.521s] -- Detecting CXX compiler ABI info
[0.645s] -- Detecting CXX compiler ABI info - done
[0.656s] -- Check for working CXX compiler: /usr/bin/c++ - skipped
[0.657s] -- Detecting CXX compile features
[0.658s] -- Detecting CXX compile features - done
[0.666s] -- Found ament_cmake: 1.3.11 (/opt/ros/humble/share/ament_cmake/cmake)
[0.878s] -- Found Python3: /usr/bin/python3 (found version "3.10.12") found components: Interpreter 
[0.964s] -- Override CMake install command with custom implementation using symlinks instead of copying resources
[1.014s] -- Found rclcpp: 16.0.11 (/opt/ros/humble/share/rclcpp/cmake)
[1.129s] -- Found rosidl_generator_c: 3.1.6 (/opt/ros/humble/share/rosidl_generator_c/cmake)
[1.141s] -- Found rosidl_adapter: 3.1.6 (/opt/ros/humble/share/rosidl_adapter/cmake)
[1.161s] -- Found rosidl_generator_cpp: 3.1.6 (/opt/ros/humble/share/rosidl_generator_cpp/cmake)
[1.192s] -- Using all available rosidl_typesupport_c: rosidl_typesupport_fastrtps_c;rosidl_typesupport_introspection_c
[1.225s] -- Using all available rosidl_typesupport_cpp: rosidl_typesupport_fastrtps_cpp;rosidl_typesupport_introspection_cpp
[1.320s] -- Found rmw_implementation_cmake: 6.1.2 (/opt/ros/humble/share/rmw_implementation_cmake/cmake)
[1.328s] -- Found rmw_fastrtps_cpp: 6.2.7 (/opt/ros/humble/share/rmw_fastrtps_cpp/cmake)
[1.501s] -- Found OpenSSL: /usr/lib/x86_64-linux-gnu/libcrypto.so (found version "3.0.2")  
[1.543s] -- Found FastRTPS: /opt/ros/humble/include  
[1.600s] -- Using RMW implementation 'rmw_fastrtps_cpp' as default
[1.619s] -- Looking for pthread.h
[1.737s] -- Looking for pthread.h - found
[1.738s] -- Performing Test CMAKE_HAVE_LIBC_PTHREAD
[1.837s] -- Performing Test CMAKE_HAVE_LIBC_PTHREAD - Success
[1.839s] -- Found Threads: TRUE  
[1.939s] -- Found tf2: 0.25.12 (/opt/ros/humble/share/tf2/cmake)
[1.981s] -- Found tf2_ros: 0.25.12 (/opt/ros/humble/share/tf2_ros/cmake)
[2.124s] -- Found turtlesim: 1.4.2 (/opt/ros/humble/share/turtlesim/cmake)
[2.147s] -- Found ament_lint_auto: 0.12.11 (/opt/ros/humble/share/ament_lint_auto/cmake)
[2.233s] -- Added test 'cppcheck' to perform static code analysis on C / C++ code
[2.233s] -- Configured cppcheck include dirs: $<BUILD_INTERFACE:/home/xinhongwang/ws02_tools/src/cpp03_tf_broadcaster/include>
[2.233s] -- Configured cppcheck exclude dirs and/or files: 
[2.233s] -- Added test 'lint_cmake' to check CMake code style
[2.235s] -- Added test 'uncrustify' to check C / C++ code style
[2.235s] -- Configured uncrustify additional arguments: 
[2.235s] -- Added test 'xmllint' to check XML markup files
[2.238s] -- Configuring done
[2.252s] -- Generating done
[2.256s] -- Build files have been written to: /home/xinhongwang/ws02_tools/build/cpp03_tf_broadcaster
[2.271s] Invoked command in '/home/xinhongwang/ws02_tools/build/cpp03_tf_broadcaster' returned '0': CMAKE_PREFIX_PATH=${CMAKE_PREFIX_PATH}:/home/xinhongwang/ws02_tools/install/py01_launch:/opt/ros/humble /usr/bin/cmake /home/xinhongwang/ws02_tools/src/cpp03_tf_broadcaster -DAMENT_CMAKE_SYMLINK_INSTALL=1 -DCMAKE_INSTALL_PREFIX=/home/xinhongwang/ws02_tools/install/cpp03_tf_broadcaster
[2.272s] Invoking command in '/home/xinhongwang/ws02_tools/build/cpp03_tf_broadcaster': CMAKE_PREFIX_PATH=${CMAKE_PREFIX_PATH}:/home/xinhongwang/ws02_tools/install/py01_launch:/opt/ros/humble /usr/bin/cmake --build /home/xinhongwang/ws02_tools/build/cpp03_tf_broadcaster -- -j8 -l8
[2.356s] [ 50%] [32mBuilding CXX object CMakeFiles/demo01_static_tf_broadcaster.dir/src/demo01_static_tf_broadcaster.cpp.o[0m
[2.446s] [100%] [32m[1mLinking CXX executable demo01_static_tf_broadcaster[0m
[2.588s] [100%] Built target demo01_static_tf_broadcaster
[2.605s] Invoked command in '/home/xinhongwang/ws02_tools/build/cpp03_tf_broadcaster' returned '0': CMAKE_PREFIX_PATH=${CMAKE_PREFIX_PATH}:/home/xinhongwang/ws02_tools/install/py01_launch:/opt/ros/humble /usr/bin/cmake --build /home/xinhongwang/ws02_tools/build/cpp03_tf_broadcaster -- -j8 -l8
[2.605s] Invoking command in '/home/xinhongwang/ws02_tools/build/cpp03_tf_broadcaster': CMAKE_PREFIX_PATH=${CMAKE_PREFIX_PATH}:/home/xinhongwang/ws02_tools/install/py01_launch:/opt/ros/humble /usr/bin/cmake --install /home/xinhongwang/ws02_tools/build/cpp03_tf_broadcaster
[2.613s] -- Install configuration: ""
[2.614s] -- Execute custom install script
[2.614s] -- Symlinking: /home/xinhongwang/ws02_tools/install/cpp03_tf_broadcaster/lib/cpp03_tf_broadcaster/demo01_static_tf_broadcaster
[2.626s] -- Symlinking: /home/xinhongwang/ws02_tools/install/cpp03_tf_broadcaster/share/ament_index/resource_index/package_run_dependencies/cpp03_tf_broadcaster
[2.639s] -- Symlinking: /home/xinhongwang/ws02_tools/install/cpp03_tf_broadcaster/share/ament_index/resource_index/parent_prefix_path/cpp03_tf_broadcaster
[2.653s] -- Symlinking: /home/xinhongwang/ws02_tools/install/cpp03_tf_broadcaster/share/cpp03_tf_broadcaster/environment/ament_prefix_path.sh
[2.665s] -- Symlinking: /home/xinhongwang/ws02_tools/install/cpp03_tf_broadcaster/share/cpp03_tf_broadcaster/environment/ament_prefix_path.dsv
[2.677s] -- Symlinking: /home/xinhongwang/ws02_tools/install/cpp03_tf_broadcaster/share/cpp03_tf_broadcaster/environment/path.sh
[2.688s] -- Symlinking: /home/xinhongwang/ws02_tools/install/cpp03_tf_broadcaster/share/cpp03_tf_broadcaster/environment/path.dsv
[2.700s] -- Symlinking: /home/xinhongwang/ws02_tools/install/cpp03_tf_broadcaster/share/cpp03_tf_broadcaster/local_setup.bash
[2.711s] -- Symlinking: /home/xinhongwang/ws02_tools/install/cpp03_tf_broadcaster/share/cpp03_tf_broadcaster/local_setup.sh
[2.722s] -- Symlinking: /home/xinhongwang/ws02_tools/install/cpp03_tf_broadcaster/share/cpp03_tf_broadcaster/local_setup.zsh
[2.737s] -- Symlinking: /home/xinhongwang/ws02_tools/install/cpp03_tf_broadcaster/share/cpp03_tf_broadcaster/local_setup.dsv
[2.748s] -- Symlinking: /home/xinhongwang/ws02_tools/install/cpp03_tf_broadcaster/share/cpp03_tf_broadcaster/package.dsv
[2.762s] -- Symlinking: /home/xinhongwang/ws02_tools/install/cpp03_tf_broadcaster/share/ament_index/resource_index/packages/cpp03_tf_broadcaster
[2.774s] -- Symlinking: /home/xinhongwang/ws02_tools/install/cpp03_tf_broadcaster/share/cpp03_tf_broadcaster/cmake/cpp03_tf_broadcasterConfig.cmake
[2.786s] -- Symlinking: /home/xinhongwang/ws02_tools/install/cpp03_tf_broadcaster/share/cpp03_tf_broadcaster/cmake/cpp03_tf_broadcasterConfig-version.cmake
[2.798s] -- Symlinking: /home/xinhongwang/ws02_tools/install/cpp03_tf_broadcaster/share/cpp03_tf_broadcaster/package.xml
[2.813s] Invoked command in '/home/xinhongwang/ws02_tools/build/cpp03_tf_broadcaster' returned '0': CMAKE_PREFIX_PATH=${CMAKE_PREFIX_PATH}:/home/xinhongwang/ws02_tools/install/py01_launch:/opt/ros/humble /usr/bin/cmake --install /home/xinhongwang/ws02_tools/build/cpp03_tf_broadcaster
