[0.041s] Invoking command in '/home/xinhongwang/ws02_tools/build/cpp03_tf_broadcaster': CMAKE_PREFIX_PATH=${CMAKE_PREFIX_PATH}:/opt/ros/humble /usr/bin/cmake /home/xinhongwang/ws02_tools/src/cpp03_tf_broadcaster -DCMAKE_INSTALL_PREFIX=/home/xinhongwang/ws02_tools/install/cpp03_tf_broadcaster
[0.079s] -- Found ament_cmake: 1.3.11 (/opt/ros/humble/share/ament_cmake/cmake)
[0.277s] -- Override CMake install command with custom implementation using symlinks instead of copying resources
[0.322s] -- Found rclcpp: 16.0.11 (/opt/ros/humble/share/rclcpp/cmake)
[0.393s] -- Found rosidl_generator_c: 3.1.6 (/opt/ros/humble/share/rosidl_generator_c/cmake)
[0.401s] -- Found rosidl_adapter: 3.1.6 (/opt/ros/humble/share/rosidl_adapter/cmake)
[0.420s] -- Found rosidl_generator_cpp: 3.1.6 (/opt/ros/humble/share/rosidl_generator_cpp/cmake)
[0.442s] -- Using all available rosidl_typesupport_c: rosidl_typesupport_fastrtps_c;rosidl_typesupport_introspection_c
[0.473s] -- Using all available rosidl_typesupport_cpp: rosidl_typesupport_fastrtps_cpp;rosidl_typesupport_introspection_cpp
[0.551s] -- Found rmw_implementation_cmake: 6.1.2 (/opt/ros/humble/share/rmw_implementation_cmake/cmake)
[0.554s] -- Found rmw_fastrtps_cpp: 6.2.7 (/opt/ros/humble/share/rmw_fastrtps_cpp/cmake)
[0.746s] -- Using RMW implementation 'rmw_fastrtps_cpp' as default
[0.854s] -- Found tf2: 0.25.12 (/opt/ros/humble/share/tf2/cmake)
[0.887s] -- Found tf2_ros: 0.25.12 (/opt/ros/humble/share/tf2_ros/cmake)
[1.047s] -- Found turtlesim: 1.4.2 (/opt/ros/humble/share/turtlesim/cmake)
[1.070s] -- Found ament_lint_auto: 0.12.11 (/opt/ros/humble/share/ament_lint_auto/cmake)
[1.159s] -- Added test 'cppcheck' to perform static code analysis on C / C++ code
[1.159s] -- Configured cppcheck include dirs: $<BUILD_INTERFACE:/home/xinhongwang/ws02_tools/src/cpp03_tf_broadcaster/include>
[1.159s] -- Configured cppcheck exclude dirs and/or files: 
[1.160s] -- Added test 'lint_cmake' to check CMake code style
[1.160s] -- Added test 'uncrustify' to check C / C++ code style
[1.160s] -- Configured uncrustify additional arguments: 
[1.160s] -- Added test 'xmllint' to check XML markup files
[1.161s] -- Configuring done
[1.185s] -- Generating done
[1.191s] -- Build files have been written to: /home/xinhongwang/ws02_tools/build/cpp03_tf_broadcaster
[1.211s] Invoked command in '/home/xinhongwang/ws02_tools/build/cpp03_tf_broadcaster' returned '0': CMAKE_PREFIX_PATH=${CMAKE_PREFIX_PATH}:/opt/ros/humble /usr/bin/cmake /home/xinhongwang/ws02_tools/src/cpp03_tf_broadcaster -DCMAKE_INSTALL_PREFIX=/home/xinhongwang/ws02_tools/install/cpp03_tf_broadcaster
[1.213s] Invoking command in '/home/xinhongwang/ws02_tools/build/cpp03_tf_broadcaster': CMAKE_PREFIX_PATH=${CMAKE_PREFIX_PATH}:/opt/ros/humble /usr/bin/cmake --build /home/xinhongwang/ws02_tools/build/cpp03_tf_broadcaster -- -j8 -l8
[1.276s] [35m[1mConsolidate compiler generated dependencies of target demo01_static_tf_broadcaster[0m
[1.304s] [100%] Built target demo01_static_tf_broadcaster
[1.326s] Invoked command in '/home/xinhongwang/ws02_tools/build/cpp03_tf_broadcaster' returned '0': CMAKE_PREFIX_PATH=${CMAKE_PREFIX_PATH}:/opt/ros/humble /usr/bin/cmake --build /home/xinhongwang/ws02_tools/build/cpp03_tf_broadcaster -- -j8 -l8
[1.331s] Invoking command in '/home/xinhongwang/ws02_tools/build/cpp03_tf_broadcaster': CMAKE_PREFIX_PATH=${CMAKE_PREFIX_PATH}:/opt/ros/humble /usr/bin/cmake --install /home/xinhongwang/ws02_tools/build/cpp03_tf_broadcaster
[1.344s] -- Install configuration: ""
[1.345s] -- Execute custom install script
[1.345s] -- Up-to-date symlink: /home/xinhongwang/ws02_tools/install/cpp03_tf_broadcaster/lib/cpp03_tf_broadcaster/demo01_static_tf_broadcaster
[1.345s] -- Up-to-date symlink: /home/xinhongwang/ws02_tools/install/cpp03_tf_broadcaster/share/ament_index/resource_index/package_run_dependencies/cpp03_tf_broadcaster
[1.346s] -- Up-to-date symlink: /home/xinhongwang/ws02_tools/install/cpp03_tf_broadcaster/share/ament_index/resource_index/parent_prefix_path/cpp03_tf_broadcaster
[1.346s] -- Up-to-date symlink: /home/xinhongwang/ws02_tools/install/cpp03_tf_broadcaster/share/cpp03_tf_broadcaster/environment/ament_prefix_path.sh
[1.346s] -- Up-to-date symlink: /home/xinhongwang/ws02_tools/install/cpp03_tf_broadcaster/share/cpp03_tf_broadcaster/environment/ament_prefix_path.dsv
[1.346s] -- Up-to-date symlink: /home/xinhongwang/ws02_tools/install/cpp03_tf_broadcaster/share/cpp03_tf_broadcaster/environment/path.sh
[1.346s] -- Up-to-date symlink: /home/xinhongwang/ws02_tools/install/cpp03_tf_broadcaster/share/cpp03_tf_broadcaster/environment/path.dsv
[1.346s] -- Up-to-date symlink: /home/xinhongwang/ws02_tools/install/cpp03_tf_broadcaster/share/cpp03_tf_broadcaster/local_setup.bash
[1.347s] -- Up-to-date symlink: /home/xinhongwang/ws02_tools/install/cpp03_tf_broadcaster/share/cpp03_tf_broadcaster/local_setup.sh
[1.347s] -- Up-to-date symlink: /home/xinhongwang/ws02_tools/install/cpp03_tf_broadcaster/share/cpp03_tf_broadcaster/local_setup.zsh
[1.347s] -- Up-to-date symlink: /home/xinhongwang/ws02_tools/install/cpp03_tf_broadcaster/share/cpp03_tf_broadcaster/local_setup.dsv
[1.347s] -- Symlinking: /home/xinhongwang/ws02_tools/install/cpp03_tf_broadcaster/share/cpp03_tf_broadcaster/package.dsv
[1.362s] -- Up-to-date symlink: /home/xinhongwang/ws02_tools/install/cpp03_tf_broadcaster/share/ament_index/resource_index/packages/cpp03_tf_broadcaster
[1.363s] -- Up-to-date symlink: /home/xinhongwang/ws02_tools/install/cpp03_tf_broadcaster/share/cpp03_tf_broadcaster/cmake/cpp03_tf_broadcasterConfig.cmake
[1.363s] -- Up-to-date symlink: /home/xinhongwang/ws02_tools/install/cpp03_tf_broadcaster/share/cpp03_tf_broadcaster/cmake/cpp03_tf_broadcasterConfig-version.cmake
[1.365s] -- Up-to-date symlink: /home/xinhongwang/ws02_tools/install/cpp03_tf_broadcaster/share/cpp03_tf_broadcaster/package.xml
[1.367s] Invoked command in '/home/xinhongwang/ws02_tools/build/cpp03_tf_broadcaster' returned '0': CMAKE_PREFIX_PATH=${CMAKE_PREFIX_PATH}:/opt/ros/humble /usr/bin/cmake --install /home/xinhongwang/ws02_tools/build/cpp03_tf_broadcaster
