[0.026s] Invoking command in '/home/xinhongwang/ws02_tools/build/cpp06_urdf': CMAKE_PREFIX_PATH=${CMAKE_PREFIX_PATH}:/opt/ros/humble /usr/bin/cmake --build /home/xinhongwang/ws02_tools/build/cpp06_urdf -- -j8 -l8
[0.221s] Invoked command in '/home/xinhongwang/ws02_tools/build/cpp06_urdf' returned '0': CMAKE_PREFIX_PATH=${CMAKE_PREFIX_PATH}:/opt/ros/humble /usr/bin/cmake --build /home/xinhongwang/ws02_tools/build/cpp06_urdf -- -j8 -l8
[0.246s] Invoking command in '/home/xinhongwang/ws02_tools/build/cpp06_urdf': CMAKE_PREFIX_PATH=${CMAKE_PREFIX_PATH}:/opt/ros/humble /usr/bin/cmake --install /home/xinhongwang/ws02_tools/build/cpp06_urdf
[0.258s] -- Install configuration: ""
[0.259s] -- Execute custom install script
[0.261s] -- Up-to-date symlink: /home/xinhongwang/ws02_tools/install/cpp06_urdf/share/cpp06_urdf/launch/display.launch.py
[0.261s] -- Up-to-date symlink: /home/xinhongwang/ws02_tools/install/cpp06_urdf/share/cpp06_urdf/launch/gazebo_sim.launch.py
[0.262s] -- Up-to-date symlink: /home/xinhongwang/ws02_tools/install/cpp06_urdf/share/cpp06_urdf/rviz/urdf.rviz
[0.263s] -- Up-to-date symlink: /home/xinhongwang/ws02_tools/install/cpp06_urdf/share/cpp06_urdf/urdf/model.config
[0.265s] -- Up-to-date symlink: /home/xinhongwang/ws02_tools/install/cpp06_urdf/share/cpp06_urdf/urdf/urdf/demo01_helloworld.urdf
[0.265s] -- Up-to-date symlink: /home/xinhongwang/ws02_tools/install/cpp06_urdf/share/cpp06_urdf/urdf/urdf/demo02_link.urdf
[0.266s] -- Up-to-date symlink: /home/xinhongwang/ws02_tools/install/cpp06_urdf/share/cpp06_urdf/urdf/urdf/demo03_joint.urdf
[0.266s] -- Up-to-date symlink: /home/xinhongwang/ws02_tools/install/cpp06_urdf/share/cpp06_urdf/urdf/urdf/demo04_basefootprint.urdf
[0.266s] -- Up-to-date symlink: /home/xinhongwang/ws02_tools/install/cpp06_urdf/share/cpp06_urdf/urdf/urdf/demo05_exercise.urdf
[0.266s] -- Up-to-date symlink: /home/xinhongwang/ws02_tools/install/cpp06_urdf/share/cpp06_urdf/urdf/urdf/fish_robot.urdf
[0.266s] -- Up-to-date symlink: /home/xinhongwang/ws02_tools/install/cpp06_urdf/share/cpp06_urdf/urdf/urdf/my_car.gv
[0.271s] -- Up-to-date symlink: /home/xinhongwang/ws02_tools/install/cpp06_urdf/share/cpp06_urdf/urdf/urdf/my_car.pdf
[0.271s] -- Up-to-date symlink: /home/xinhongwang/ws02_tools/install/cpp06_urdf/share/cpp06_urdf/urdf/urdf/two_wheels.urdf
[0.271s] -- Up-to-date symlink: /home/xinhongwang/ws02_tools/install/cpp06_urdf/share/cpp06_urdf/urdf/xacro/car.urdf.xacro
[0.271s] -- Up-to-date symlink: /home/xinhongwang/ws02_tools/install/cpp06_urdf/share/cpp06_urdf/urdf/xacro/car_base.urdf.xacro
[0.271s] -- Up-to-date symlink: /home/xinhongwang/ws02_tools/install/cpp06_urdf/share/cpp06_urdf/urdf/xacro/car_camera.urdf.xacro
[0.271s] -- Up-to-date symlink: /home/xinhongwang/ws02_tools/install/cpp06_urdf/share/cpp06_urdf/urdf/xacro/car_caster.urdf.xacro
[0.273s] -- Up-to-date symlink: /home/xinhongwang/ws02_tools/install/cpp06_urdf/share/cpp06_urdf/urdf/xacro/car_control.urdf.xacro
[0.273s] -- Up-to-date symlink: /home/xinhongwang/ws02_tools/install/cpp06_urdf/share/cpp06_urdf/urdf/xacro/car_imu.urdf.xacro
[0.273s] -- Up-to-date symlink: /home/xinhongwang/ws02_tools/install/cpp06_urdf/share/cpp06_urdf/urdf/xacro/car_laser.urdf.xacro
[0.273s] -- Up-to-date symlink: /home/xinhongwang/ws02_tools/install/cpp06_urdf/share/cpp06_urdf/urdf/xacro/common_inertia.xacro
[0.273s] -- Up-to-date symlink: /home/xinhongwang/ws02_tools/install/cpp06_urdf/share/cpp06_urdf/urdf/xacro/demo01_helloworld.urdf.xacro
[0.274s] -- Up-to-date symlink: /home/xinhongwang/ws02_tools/install/cpp06_urdf/share/cpp06_urdf/urdf/xacro/demo02_base_pro.urdf.xacro
[0.274s] -- Up-to-date symlink: /home/xinhongwang/ws02_tools/install/cpp06_urdf/share/cpp06_urdf/urdf/xacro/demo03_base_func.urdf.xacro
[0.274s] -- Up-to-date symlink: /home/xinhongwang/ws02_tools/install/cpp06_urdf/share/cpp06_urdf/urdf/xacro/demo04_base_include.urdf.xacro
[0.274s] -- Up-to-date symlink: /home/xinhongwang/ws02_tools/install/cpp06_urdf/share/cpp06_urdf/urdf/xacro/gazebo_control_plugin.xacro
[0.274s] -- Up-to-date symlink: /home/xinhongwang/ws02_tools/install/cpp06_urdf/share/cpp06_urdf/urdf/xacro/gazebo_sensor_plugin.xacro
[0.275s] -- Up-to-date symlink: /home/xinhongwang/ws02_tools/install/cpp06_urdf/share/cpp06_urdf/meshes/burger_base.stl
[0.275s] -- Up-to-date symlink: /home/xinhongwang/ws02_tools/install/cpp06_urdf/share/cpp06_urdf/worlds/bighouse
[0.275s] -- Up-to-date symlink: /home/xinhongwang/ws02_tools/install/cpp06_urdf/share/cpp06_urdf/worlds/custom_room.world
[0.276s] -- Up-to-date symlink: /home/xinhongwang/ws02_tools/install/cpp06_urdf/share/cpp06_urdf/worlds/empty.world
[0.276s] -- Symlinking: /home/xinhongwang/ws02_tools/install/cpp06_urdf/share/cpp06_urdf/worlds/house2
[0.290s] -- Up-to-date symlink: /home/xinhongwang/ws02_tools/install/cpp06_urdf/share/cpp06_urdf/worlds/room/model.config
[0.291s] -- Up-to-date symlink: /home/xinhongwang/ws02_tools/install/cpp06_urdf/share/cpp06_urdf/worlds/room/model.sdf
[0.292s] -- Symlinking: /home/xinhongwang/ws02_tools/install/cpp06_urdf/share/cpp06_urdf/worlds/room1/model.config
[0.307s] -- Symlinking: /home/xinhongwang/ws02_tools/install/cpp06_urdf/share/cpp06_urdf/worlds/room1/model.sdf
[0.321s] [33mCMake Warning (dev) at ament_cmake_symlink_install/ament_cmake_symlink_install.cmake:62 (file):
[0.321s]   Policy CMP0009 is not set: FILE GLOB_RECURSE calls should not follow
[0.321s]   symlinks by default.  Run "cmake --help-policy CMP0009" for policy details.
[0.321s]   Use the cmake_policy command to set the policy and suppress this warning.
[0.322s] Call Stack (most recent call first):
[0.322s]   ament_cmake_symlink_install/ament_cmake_symlink_install.cmake:314 (ament_cmake_symlink_install_directory)
[0.322s]   cmake_install.cmake:46 (include)
[0.322s] This warning is for project developers.  Use -Wno-dev to suppress it.
[0.322s] [0m
[0.323s] -- Up-to-date symlink: /home/xinhongwang/ws02_tools/install/cpp06_urdf/share/cpp06_urdf/config/build/.built_by
[0.323s] -- Up-to-date symlink: /home/xinhongwang/ws02_tools/install/cpp06_urdf/share/cpp06_urdf/config/build/COLCON_IGNORE
[0.323s] -- Up-to-date symlink: /home/xinhongwang/ws02_tools/install/cpp06_urdf/share/cpp06_urdf/config/car_controller.yaml
[0.323s] -- Up-to-date symlink: /home/xinhongwang/ws02_tools/install/cpp06_urdf/share/cpp06_urdf/config/display_robot_model.rviz
[0.323s] -- Up-to-date symlink: /home/xinhongwang/ws02_tools/install/cpp06_urdf/share/cpp06_urdf/config/install/.colcon_install_layout
[0.324s] -- Up-to-date symlink: /home/xinhongwang/ws02_tools/install/cpp06_urdf/share/cpp06_urdf/config/install/COLCON_IGNORE
[0.324s] -- Up-to-date symlink: /home/xinhongwang/ws02_tools/install/cpp06_urdf/share/cpp06_urdf/config/install/_local_setup_util_ps1.py
[0.325s] -- Up-to-date symlink: /home/xinhongwang/ws02_tools/install/cpp06_urdf/share/cpp06_urdf/config/install/_local_setup_util_sh.py
[0.326s] -- Up-to-date symlink: /home/xinhongwang/ws02_tools/install/cpp06_urdf/share/cpp06_urdf/config/install/local_setup.bash
[0.326s] -- Up-to-date symlink: /home/xinhongwang/ws02_tools/install/cpp06_urdf/share/cpp06_urdf/config/install/local_setup.ps1
[0.326s] -- Up-to-date symlink: /home/xinhongwang/ws02_tools/install/cpp06_urdf/share/cpp06_urdf/config/install/local_setup.sh
[0.327s] -- Up-to-date symlink: /home/xinhongwang/ws02_tools/install/cpp06_urdf/share/cpp06_urdf/config/install/local_setup.zsh
[0.328s] -- Up-to-date symlink: /home/xinhongwang/ws02_tools/install/cpp06_urdf/share/cpp06_urdf/config/install/setup.bash
[0.328s] -- Up-to-date symlink: /home/xinhongwang/ws02_tools/install/cpp06_urdf/share/cpp06_urdf/config/install/setup.ps1
[0.329s] -- Up-to-date symlink: /home/xinhongwang/ws02_tools/install/cpp06_urdf/share/cpp06_urdf/config/install/setup.sh
[0.329s] -- Up-to-date symlink: /home/xinhongwang/ws02_tools/install/cpp06_urdf/share/cpp06_urdf/config/install/setup.zsh
[0.330s] -- Up-to-date symlink: /home/xinhongwang/ws02_tools/install/cpp06_urdf/share/cpp06_urdf/config/log/COLCON_IGNORE
[0.330s] -- Up-to-date symlink: /home/xinhongwang/ws02_tools/install/cpp06_urdf/share/cpp06_urdf/config/log/build_2025-03-20_16-20-56/events.log
[0.331s] -- Up-to-date symlink: /home/xinhongwang/ws02_tools/install/cpp06_urdf/share/cpp06_urdf/config/log/build_2025-03-20_16-20-56/logger_all.log
[0.331s] -- Up-to-date symlink: /home/xinhongwang/ws02_tools/install/cpp06_urdf/share/cpp06_urdf/config/log/latest/events.log
[0.331s] -- Up-to-date symlink: /home/xinhongwang/ws02_tools/install/cpp06_urdf/share/cpp06_urdf/config/log/latest/logger_all.log
[0.332s] -- Up-to-date symlink: /home/xinhongwang/ws02_tools/install/cpp06_urdf/share/cpp06_urdf/config/log/latest_build/events.log
[0.332s] -- Up-to-date symlink: /home/xinhongwang/ws02_tools/install/cpp06_urdf/share/cpp06_urdf/config/log/latest_build/logger_all.log
[0.333s] -- Up-to-date symlink: /home/xinhongwang/ws02_tools/install/cpp06_urdf/share/ament_index/resource_index/package_run_dependencies/cpp06_urdf
[0.334s] -- Up-to-date symlink: /home/xinhongwang/ws02_tools/install/cpp06_urdf/share/ament_index/resource_index/parent_prefix_path/cpp06_urdf
[0.334s] -- Up-to-date symlink: /home/xinhongwang/ws02_tools/install/cpp06_urdf/share/cpp06_urdf/environment/ament_prefix_path.sh
[0.335s] -- Up-to-date symlink: /home/xinhongwang/ws02_tools/install/cpp06_urdf/share/cpp06_urdf/environment/ament_prefix_path.dsv
[0.335s] -- Up-to-date symlink: /home/xinhongwang/ws02_tools/install/cpp06_urdf/share/cpp06_urdf/environment/path.sh
[0.336s] -- Up-to-date symlink: /home/xinhongwang/ws02_tools/install/cpp06_urdf/share/cpp06_urdf/environment/path.dsv
[0.337s] -- Up-to-date symlink: /home/xinhongwang/ws02_tools/install/cpp06_urdf/share/cpp06_urdf/local_setup.bash
[0.337s] -- Up-to-date symlink: /home/xinhongwang/ws02_tools/install/cpp06_urdf/share/cpp06_urdf/local_setup.sh
[0.338s] -- Up-to-date symlink: /home/xinhongwang/ws02_tools/install/cpp06_urdf/share/cpp06_urdf/local_setup.zsh
[0.339s] -- Up-to-date symlink: /home/xinhongwang/ws02_tools/install/cpp06_urdf/share/cpp06_urdf/local_setup.dsv
[0.339s] -- Symlinking: /home/xinhongwang/ws02_tools/install/cpp06_urdf/share/cpp06_urdf/package.dsv
[0.356s] -- Up-to-date symlink: /home/xinhongwang/ws02_tools/install/cpp06_urdf/share/ament_index/resource_index/packages/cpp06_urdf
[0.356s] -- Up-to-date symlink: /home/xinhongwang/ws02_tools/install/cpp06_urdf/share/cpp06_urdf/cmake/cpp06_urdfConfig.cmake
[0.357s] -- Up-to-date symlink: /home/xinhongwang/ws02_tools/install/cpp06_urdf/share/cpp06_urdf/cmake/cpp06_urdfConfig-version.cmake
[0.357s] -- Up-to-date symlink: /home/xinhongwang/ws02_tools/install/cpp06_urdf/share/cpp06_urdf/package.xml
[0.360s] Invoked command in '/home/xinhongwang/ws02_tools/build/cpp06_urdf' returned '0': CMAKE_PREFIX_PATH=${CMAKE_PREFIX_PATH}:/opt/ros/humble /usr/bin/cmake --install /home/xinhongwang/ws02_tools/build/cpp06_urdf
