[1.095s] Invoking command in '/home/xinhongwang/ws02_tools/build/py01_launch': PYTHONPATH=/home/xinhongwang/ws02_tools/build/py01_launch/prefix_override:/usr/lib/python3/dist-packages/colcon_core/task/python/colcon_distutils_commands:/home/xinhongwang/ws02_tools/install/py01_launch/lib/python3.10/site-packages:${PYTHONPATH} /usr/bin/python3 -W ignore:setup.py install is deprecated -W ignore:easy_install command is deprecated setup.py develop --uninstall --editable --build-directory /home/xinhongwang/ws02_tools/build/py01_launch/build
[1.393s] running develop
[1.559s] Removing /home/xinhongwang/ws02_tools/install/py01_launch/lib/python3.10/site-packages/py01-launch.egg-link (link to .)
[1.588s] Invoked command in '/home/xinhongwang/ws02_tools/build/py01_launch' returned '0': PYTHONPATH=/home/xinhongwang/ws02_tools/build/py01_launch/prefix_override:/usr/lib/python3/dist-packages/colcon_core/task/python/colcon_distutils_commands:/home/xinhongwang/ws02_tools/install/py01_launch/lib/python3.10/site-packages:${PYTHONPATH} /usr/bin/python3 -W ignore:setup.py install is deprecated -W ignore:easy_install command is deprecated setup.py develop --uninstall --editable --build-directory /home/xinhongwang/ws02_tools/build/py01_launch/build
[1.592s] Invoking command in '/home/xinhongwang/ws02_tools/src/py01_launch': PYTHONPATH=/home/xinhongwang/ws02_tools/build/py01_launch/prefix_override:/usr/lib/python3/dist-packages/colcon_core/task/python/colcon_distutils_commands:/home/xinhongwang/ws02_tools/install/py01_launch/lib/python3.10/site-packages:${PYTHONPATH} /usr/bin/python3 -W ignore:setup.py install is deprecated -W ignore:easy_install command is deprecated setup.py egg_info --egg-base ../../build/py01_launch build --build-base /home/xinhongwang/ws02_tools/build/py01_launch/build install --record /home/xinhongwang/ws02_tools/build/py01_launch/install.log --single-version-externally-managed install_data --force
[1.821s] running egg_info
[1.822s] writing ../../build/py01_launch/py01_launch.egg-info/PKG-INFO
[1.822s] writing dependency_links to ../../build/py01_launch/py01_launch.egg-info/dependency_links.txt
[1.822s] writing entry points to ../../build/py01_launch/py01_launch.egg-info/entry_points.txt
[1.822s] writing requirements to ../../build/py01_launch/py01_launch.egg-info/requires.txt
[1.823s] writing top-level names to ../../build/py01_launch/py01_launch.egg-info/top_level.txt
[1.825s] reading manifest file '../../build/py01_launch/py01_launch.egg-info/SOURCES.txt'
[1.832s] writing manifest file '../../build/py01_launch/py01_launch.egg-info/SOURCES.txt'
[1.833s] running build
[1.833s] running build_py
[1.833s] creating /home/xinhongwang/ws02_tools/build/py01_launch/build
[1.833s] creating /home/xinhongwang/ws02_tools/build/py01_launch/build/lib
[1.834s] creating /home/xinhongwang/ws02_tools/build/py01_launch/build/lib/py01_launch
[1.834s] copying py01_launch/__init__.py -> /home/xinhongwang/ws02_tools/build/py01_launch/build/lib/py01_launch
[1.834s] running install
[1.834s] running install_lib
[1.836s] creating /home/xinhongwang/ws02_tools/install/py01_launch/lib/python3.10/site-packages/py01_launch
[1.836s] copying /home/xinhongwang/ws02_tools/build/py01_launch/build/lib/py01_launch/__init__.py -> /home/xinhongwang/ws02_tools/install/py01_launch/lib/python3.10/site-packages/py01_launch
[1.836s] byte-compiling /home/xinhongwang/ws02_tools/install/py01_launch/lib/python3.10/site-packages/py01_launch/__init__.py to __init__.cpython-310.pyc
[1.837s] running install_data
[1.837s] copying resource/py01_launch -> /home/xinhongwang/ws02_tools/install/py01_launch/share/ament_index/resource_index/packages
[1.837s] copying package.xml -> /home/xinhongwang/ws02_tools/install/py01_launch/share/py01_launch
[1.837s] running install_egg_info
[1.839s] Copying ../../build/py01_launch/py01_launch.egg-info to /home/xinhongwang/ws02_tools/install/py01_launch/lib/python3.10/site-packages/py01_launch-0.0.0-py3.10.egg-info
[1.840s] running install_scripts
[1.861s] writing list of installed files to '/home/xinhongwang/ws02_tools/build/py01_launch/install.log'
[1.883s] Invoked command in '/home/xinhongwang/ws02_tools/src/py01_launch' returned '0': PYTHONPATH=/home/xinhongwang/ws02_tools/build/py01_launch/prefix_override:/usr/lib/python3/dist-packages/colcon_core/task/python/colcon_distutils_commands:/home/xinhongwang/ws02_tools/install/py01_launch/lib/python3.10/site-packages:${PYTHONPATH} /usr/bin/python3 -W ignore:setup.py install is deprecated -W ignore:easy_install command is deprecated setup.py egg_info --egg-base ../../build/py01_launch build --build-base /home/xinhongwang/ws02_tools/build/py01_launch/build install --record /home/xinhongwang/ws02_tools/build/py01_launch/install.log --single-version-externally-managed install_data --force
