[0.019s] Invoking command in '/home/xinhongwang/ws02_tools/build/cpp06_urdf': CMAKE_PREFIX_PATH=${CMAKE_PREFIX_PATH}:/home/xinhongwang/ws02_tools/install/py01_launch:/opt/ros/humble /usr/bin/cmake --build /home/xinhongwang/ws02_tools/build/cpp06_urdf -- -j8 -l8
[0.180s] Invoked command in '/home/xinhongwang/ws02_tools/build/cpp06_urdf' returned '0': CMAKE_PREFIX_PATH=${CMAKE_PREFIX_PATH}:/home/xinhongwang/ws02_tools/install/py01_launch:/opt/ros/humble /usr/bin/cmake --build /home/xinhongwang/ws02_tools/build/cpp06_urdf -- -j8 -l8
[0.200s] Invoking command in '/home/xinhongwang/ws02_tools/build/cpp06_urdf': CMAKE_PREFIX_PATH=${CMAKE_PREFIX_PATH}:/home/xinhongwang/ws02_tools/install/py01_launch:/opt/ros/humble /usr/bin/cmake --install /home/xinhongwang/ws02_tools/build/cpp06_urdf
[0.214s] -- Install configuration: ""
[0.217s] -- Execute custom install script
[0.219s] -- Up-to-date symlink: /home/xinhongwang/ws02_tools/install/cpp06_urdf/share/cpp06_urdf/launch/display.launch.py
[0.220s] -- Up-to-date symlink: /home/xinhongwang/ws02_tools/install/cpp06_urdf/share/cpp06_urdf/launch/gazebo_sim.launch.py
[0.220s] -- Up-to-date symlink: /home/xinhongwang/ws02_tools/install/cpp06_urdf/share/cpp06_urdf/rviz/urdf.rviz
[0.221s] -- Up-to-date symlink: /home/xinhongwang/ws02_tools/install/cpp06_urdf/share/cpp06_urdf/urdf/model.config
[0.222s] -- Up-to-date symlink: /home/xinhongwang/ws02_tools/install/cpp06_urdf/share/cpp06_urdf/urdf/urdf/demo01_helloworld.urdf
[0.223s] -- Up-to-date symlink: /home/xinhongwang/ws02_tools/install/cpp06_urdf/share/cpp06_urdf/urdf/urdf/demo02_link.urdf
[0.223s] -- Up-to-date symlink: /home/xinhongwang/ws02_tools/install/cpp06_urdf/share/cpp06_urdf/urdf/urdf/demo03_joint.urdf
[0.224s] -- Up-to-date symlink: /home/xinhongwang/ws02_tools/install/cpp06_urdf/share/cpp06_urdf/urdf/urdf/demo04_basefootprint.urdf
[0.224s] -- Up-to-date symlink: /home/xinhongwang/ws02_tools/install/cpp06_urdf/share/cpp06_urdf/urdf/urdf/demo05_exercise.urdf
[0.225s] -- Up-to-date symlink: /home/xinhongwang/ws02_tools/install/cpp06_urdf/share/cpp06_urdf/urdf/urdf/fish_robot.urdf
[0.225s] -- Up-to-date symlink: /home/xinhongwang/ws02_tools/install/cpp06_urdf/share/cpp06_urdf/urdf/urdf/my_car.gv
[0.226s] -- Up-to-date symlink: /home/xinhongwang/ws02_tools/install/cpp06_urdf/share/cpp06_urdf/urdf/urdf/my_car.pdf
[0.227s] -- Up-to-date symlink: /home/xinhongwang/ws02_tools/install/cpp06_urdf/share/cpp06_urdf/urdf/urdf/two_wheels.urdf
[0.227s] -- Up-to-date symlink: /home/xinhongwang/ws02_tools/install/cpp06_urdf/share/cpp06_urdf/urdf/xacro/car.urdf.xacro
[0.228s] -- Up-to-date symlink: /home/xinhongwang/ws02_tools/install/cpp06_urdf/share/cpp06_urdf/urdf/xacro/car_base.urdf.xacro
[0.228s] -- Up-to-date symlink: /home/xinhongwang/ws02_tools/install/cpp06_urdf/share/cpp06_urdf/urdf/xacro/car_camera.urdf.xacro
[0.229s] -- Up-to-date symlink: /home/xinhongwang/ws02_tools/install/cpp06_urdf/share/cpp06_urdf/urdf/xacro/car_control.urdf.xacro
[0.230s] -- Up-to-date symlink: /home/xinhongwang/ws02_tools/install/cpp06_urdf/share/cpp06_urdf/urdf/xacro/car_imu.urdf.xacro
[0.230s] -- Up-to-date symlink: /home/xinhongwang/ws02_tools/install/cpp06_urdf/share/cpp06_urdf/urdf/xacro/car_laser.urdf.xacro
[0.231s] -- Up-to-date symlink: /home/xinhongwang/ws02_tools/install/cpp06_urdf/share/cpp06_urdf/urdf/xacro/common_inertia.xacro
[0.231s] -- Up-to-date symlink: /home/xinhongwang/ws02_tools/install/cpp06_urdf/share/cpp06_urdf/urdf/xacro/demo01_helloworld.urdf.xacro
[0.232s] -- Up-to-date symlink: /home/xinhongwang/ws02_tools/install/cpp06_urdf/share/cpp06_urdf/urdf/xacro/demo02_base_pro.urdf.xacro
[0.232s] -- Up-to-date symlink: /home/xinhongwang/ws02_tools/install/cpp06_urdf/share/cpp06_urdf/urdf/xacro/demo03_base_func.urdf.xacro
[0.233s] -- Up-to-date symlink: /home/xinhongwang/ws02_tools/install/cpp06_urdf/share/cpp06_urdf/urdf/xacro/demo04_base_include.urdf.xacro
[0.233s] -- Up-to-date symlink: /home/xinhongwang/ws02_tools/install/cpp06_urdf/share/cpp06_urdf/urdf/xacro/gazebo_control_plugin.xacro
[0.234s] -- Up-to-date symlink: /home/xinhongwang/ws02_tools/install/cpp06_urdf/share/cpp06_urdf/urdf/xacro/gazebo_sensor_plugin.xacro
[0.235s] -- Up-to-date symlink: /home/xinhongwang/ws02_tools/install/cpp06_urdf/share/cpp06_urdf/meshes/burger_base.stl
[0.236s] -- Up-to-date symlink: /home/xinhongwang/ws02_tools/install/cpp06_urdf/share/cpp06_urdf/worlds/custom_room.world
[0.236s] -- Up-to-date symlink: /home/xinhongwang/ws02_tools/install/cpp06_urdf/share/cpp06_urdf/worlds/empty.world
[0.237s] -- Up-to-date symlink: /home/xinhongwang/ws02_tools/install/cpp06_urdf/share/cpp06_urdf/worlds/room/model.config
[0.238s] -- Up-to-date symlink: /home/xinhongwang/ws02_tools/install/cpp06_urdf/share/cpp06_urdf/worlds/room/model.sdf
[0.239s] -- Up-to-date symlink: /home/xinhongwang/ws02_tools/install/cpp06_urdf/share/cpp06_urdf/config/car_controller.yaml
[0.239s] -- Up-to-date symlink: /home/xinhongwang/ws02_tools/install/cpp06_urdf/share/cpp06_urdf/config/display_robot_model.rviz
[0.240s] -- Up-to-date symlink: /home/xinhongwang/ws02_tools/install/cpp06_urdf/share/ament_index/resource_index/package_run_dependencies/cpp06_urdf
[0.241s] -- Up-to-date symlink: /home/xinhongwang/ws02_tools/install/cpp06_urdf/share/ament_index/resource_index/parent_prefix_path/cpp06_urdf
[0.242s] -- Up-to-date symlink: /home/xinhongwang/ws02_tools/install/cpp06_urdf/share/cpp06_urdf/environment/ament_prefix_path.sh
[0.242s] -- Up-to-date symlink: /home/xinhongwang/ws02_tools/install/cpp06_urdf/share/cpp06_urdf/environment/ament_prefix_path.dsv
[0.242s] -- Up-to-date symlink: /home/xinhongwang/ws02_tools/install/cpp06_urdf/share/cpp06_urdf/environment/path.sh
[0.243s] -- Up-to-date symlink: /home/xinhongwang/ws02_tools/install/cpp06_urdf/share/cpp06_urdf/environment/path.dsv
[0.244s] -- Up-to-date symlink: /home/xinhongwang/ws02_tools/install/cpp06_urdf/share/cpp06_urdf/local_setup.bash
[0.245s] -- Up-to-date symlink: /home/xinhongwang/ws02_tools/install/cpp06_urdf/share/cpp06_urdf/local_setup.sh
[0.245s] -- Up-to-date symlink: /home/xinhongwang/ws02_tools/install/cpp06_urdf/share/cpp06_urdf/local_setup.zsh
[0.246s] -- Up-to-date symlink: /home/xinhongwang/ws02_tools/install/cpp06_urdf/share/cpp06_urdf/local_setup.dsv
[0.247s] -- Symlinking: /home/xinhongwang/ws02_tools/install/cpp06_urdf/share/cpp06_urdf/package.dsv
[0.266s] -- Up-to-date symlink: /home/xinhongwang/ws02_tools/install/cpp06_urdf/share/ament_index/resource_index/packages/cpp06_urdf
[0.267s] -- Up-to-date symlink: /home/xinhongwang/ws02_tools/install/cpp06_urdf/share/cpp06_urdf/cmake/cpp06_urdfConfig.cmake
[0.267s] -- Up-to-date symlink: /home/xinhongwang/ws02_tools/install/cpp06_urdf/share/cpp06_urdf/cmake/cpp06_urdfConfig-version.cmake
[0.268s] -- Up-to-date symlink: /home/xinhongwang/ws02_tools/install/cpp06_urdf/share/cpp06_urdf/package.xml
[0.273s] Invoked command in '/home/xinhongwang/ws02_tools/build/cpp06_urdf' returned '0': CMAKE_PREFIX_PATH=${CMAKE_PREFIX_PATH}:/home/xinhongwang/ws02_tools/install/py01_launch:/opt/ros/humble /usr/bin/cmake --install /home/xinhongwang/ws02_tools/build/cpp06_urdf
