[0.018s] Invoking command in '/home/xinhongwang/ws02_tools/build/cpp06_urdf': CMAKE_PREFIX_PATH=${CMAKE_PREFIX_PATH}:/home/xinhongwang/ws02_tools/install/py01_launch:/opt/ros/humble /usr/bin/cmake --build /home/xinhongwang/ws02_tools/build/cpp06_urdf -- -j8 -l8
[0.056s] -- Found ament_cmake: 1.3.11 (/opt/ros/humble/share/ament_cmake/cmake)
[0.211s] -- Override CMake install command with custom implementation using symlinks instead of copying resources
[0.241s] -- Found ament_lint_auto: 0.12.11 (/opt/ros/humble/share/ament_lint_auto/cmake)
[0.333s] -- Added test 'flake8' to check Python code syntax and style conventions
[0.334s] -- Added test 'lint_cmake' to check CMake code style
[0.336s] -- Added test 'pep257' to check Python code against some of the docstring style conventions in PEP 257
[0.344s] -- Added test 'xmllint' to check XML markup files
[0.345s] -- Configuring done
[0.354s] -- Generating done
[0.356s] -- Build files have been written to: /home/xinhongwang/ws02_tools/build/cpp06_urdf
[0.385s] Invoked command in '/home/xinhongwang/ws02_tools/build/cpp06_urdf' returned '0': CMAKE_PREFIX_PATH=${CMAKE_PREFIX_PATH}:/home/xinhongwang/ws02_tools/install/py01_launch:/opt/ros/humble /usr/bin/cmake --build /home/xinhongwang/ws02_tools/build/cpp06_urdf -- -j8 -l8
[0.399s] Invoking command in '/home/xinhongwang/ws02_tools/build/cpp06_urdf': CMAKE_PREFIX_PATH=${CMAKE_PREFIX_PATH}:/home/xinhongwang/ws02_tools/install/py01_launch:/opt/ros/humble /usr/bin/cmake --install /home/xinhongwang/ws02_tools/build/cpp06_urdf
[0.407s] -- Install configuration: ""
[0.410s] -- Execute custom install script
[0.410s] -- Up-to-date symlink: /home/xinhongwang/ws02_tools/install/cpp06_urdf/share/cpp06_urdf/launch/display.launch.py
[0.410s] -- Up-to-date symlink: /home/xinhongwang/ws02_tools/install/cpp06_urdf/share/cpp06_urdf/launch/gazebo_sim.launch.py
[0.411s] -- Up-to-date symlink: /home/xinhongwang/ws02_tools/install/cpp06_urdf/share/cpp06_urdf/rviz/urdf.rviz
[0.411s] -- Up-to-date symlink: /home/xinhongwang/ws02_tools/install/cpp06_urdf/share/cpp06_urdf/urdf/model.config
[0.411s] -- Up-to-date symlink: /home/xinhongwang/ws02_tools/install/cpp06_urdf/share/cpp06_urdf/urdf/urdf/demo01_helloworld.urdf
[0.411s] -- Up-to-date symlink: /home/xinhongwang/ws02_tools/install/cpp06_urdf/share/cpp06_urdf/urdf/urdf/demo02_link.urdf
[0.411s] -- Up-to-date symlink: /home/xinhongwang/ws02_tools/install/cpp06_urdf/share/cpp06_urdf/urdf/urdf/demo03_joint.urdf
[0.411s] -- Up-to-date symlink: /home/xinhongwang/ws02_tools/install/cpp06_urdf/share/cpp06_urdf/urdf/urdf/demo04_basefootprint.urdf
[0.411s] -- Up-to-date symlink: /home/xinhongwang/ws02_tools/install/cpp06_urdf/share/cpp06_urdf/urdf/urdf/demo05_exercise.urdf
[0.411s] -- Up-to-date symlink: /home/xinhongwang/ws02_tools/install/cpp06_urdf/share/cpp06_urdf/urdf/urdf/fish_robot.urdf
[0.412s] -- Up-to-date symlink: /home/xinhongwang/ws02_tools/install/cpp06_urdf/share/cpp06_urdf/urdf/urdf/my_car.gv
[0.412s] -- Up-to-date symlink: /home/xinhongwang/ws02_tools/install/cpp06_urdf/share/cpp06_urdf/urdf/urdf/my_car.pdf
[0.412s] -- Up-to-date symlink: /home/xinhongwang/ws02_tools/install/cpp06_urdf/share/cpp06_urdf/urdf/urdf/two_wheels.urdf
[0.412s] -- Up-to-date symlink: /home/xinhongwang/ws02_tools/install/cpp06_urdf/share/cpp06_urdf/urdf/xacro/car.urdf.xacro
[0.412s] -- Up-to-date symlink: /home/xinhongwang/ws02_tools/install/cpp06_urdf/share/cpp06_urdf/urdf/xacro/car_base.urdf.xacro
[0.412s] -- Up-to-date symlink: /home/xinhongwang/ws02_tools/install/cpp06_urdf/share/cpp06_urdf/urdf/xacro/car_camera.urdf.xacro
[0.413s] -- Up-to-date symlink: /home/xinhongwang/ws02_tools/install/cpp06_urdf/share/cpp06_urdf/urdf/xacro/car_control.urdf.xacro
[0.413s] -- Up-to-date symlink: /home/xinhongwang/ws02_tools/install/cpp06_urdf/share/cpp06_urdf/urdf/xacro/car_imu.urdf.xacro
[0.413s] -- Up-to-date symlink: /home/xinhongwang/ws02_tools/install/cpp06_urdf/share/cpp06_urdf/urdf/xacro/car_laser.urdf.xacro
[0.413s] -- Up-to-date symlink: /home/xinhongwang/ws02_tools/install/cpp06_urdf/share/cpp06_urdf/urdf/xacro/common_inertia.xacro
[0.413s] -- Up-to-date symlink: /home/xinhongwang/ws02_tools/install/cpp06_urdf/share/cpp06_urdf/urdf/xacro/demo01_helloworld.urdf.xacro
[0.414s] -- Up-to-date symlink: /home/xinhongwang/ws02_tools/install/cpp06_urdf/share/cpp06_urdf/urdf/xacro/demo02_base_pro.urdf.xacro
[0.414s] -- Up-to-date symlink: /home/xinhongwang/ws02_tools/install/cpp06_urdf/share/cpp06_urdf/urdf/xacro/demo03_base_func.urdf.xacro
[0.414s] -- Up-to-date symlink: /home/xinhongwang/ws02_tools/install/cpp06_urdf/share/cpp06_urdf/urdf/xacro/demo04_base_include.urdf.xacro
[0.414s] -- Up-to-date symlink: /home/xinhongwang/ws02_tools/install/cpp06_urdf/share/cpp06_urdf/urdf/xacro/gazebo_control_plugin.xacro
[0.414s] -- Up-to-date symlink: /home/xinhongwang/ws02_tools/install/cpp06_urdf/share/cpp06_urdf/urdf/xacro/gazebo_sensor_plugin.xacro
[0.415s] -- Up-to-date symlink: /home/xinhongwang/ws02_tools/install/cpp06_urdf/share/cpp06_urdf/meshes/burger_base.stl
[0.415s] -- Up-to-date symlink: /home/xinhongwang/ws02_tools/install/cpp06_urdf/share/cpp06_urdf/worlds/custom_room.world
[0.415s] -- Up-to-date symlink: /home/xinhongwang/ws02_tools/install/cpp06_urdf/share/cpp06_urdf/worlds/empty.world
[0.416s] -- Up-to-date symlink: /home/xinhongwang/ws02_tools/install/cpp06_urdf/share/cpp06_urdf/worlds/room/model.config
[0.416s] -- Up-to-date symlink: /home/xinhongwang/ws02_tools/install/cpp06_urdf/share/cpp06_urdf/worlds/room/model.sdf
[0.417s] [33mCMake Warning (dev) at ament_cmake_symlink_install/ament_cmake_symlink_install.cmake:62 (file):
[0.417s]   Policy CMP0009 is not set: FILE GLOB_RECURSE calls should not follow
[0.417s]   symlinks by default.  Run "cmake --help-policy CMP0009" for policy details.
[0.417s]   Use the cmake_policy command to set the policy and suppress this warning.
[0.417s] Call Stack (most recent call first):
[0.417s]   ament_cmake_symlink_install/ament_cmake_symlink_install.cmake:314 (ament_cmake_symlink_install_directory)
[0.417s]   cmake_install.cmake:46 (include)
[0.417s] This warning is for project developers.  Use -Wno-dev to suppress it.
[0.418s] [0m
[0.418s] -- Up-to-date symlink: /home/xinhongwang/ws02_tools/install/cpp06_urdf/share/cpp06_urdf/config/build/.built_by
[0.418s] -- Up-to-date symlink: /home/xinhongwang/ws02_tools/install/cpp06_urdf/share/cpp06_urdf/config/build/COLCON_IGNORE
[0.418s] -- Up-to-date symlink: /home/xinhongwang/ws02_tools/install/cpp06_urdf/share/cpp06_urdf/config/car_controller.yaml
[0.418s] -- Up-to-date symlink: /home/xinhongwang/ws02_tools/install/cpp06_urdf/share/cpp06_urdf/config/display_robot_model.rviz
[0.419s] -- Up-to-date symlink: /home/xinhongwang/ws02_tools/install/cpp06_urdf/share/cpp06_urdf/config/install/.colcon_install_layout
[0.419s] -- Up-to-date symlink: /home/xinhongwang/ws02_tools/install/cpp06_urdf/share/cpp06_urdf/config/install/COLCON_IGNORE
[0.419s] -- Up-to-date symlink: /home/xinhongwang/ws02_tools/install/cpp06_urdf/share/cpp06_urdf/config/install/_local_setup_util_ps1.py
[0.419s] -- Up-to-date symlink: /home/xinhongwang/ws02_tools/install/cpp06_urdf/share/cpp06_urdf/config/install/_local_setup_util_sh.py
[0.419s] -- Up-to-date symlink: /home/xinhongwang/ws02_tools/install/cpp06_urdf/share/cpp06_urdf/config/install/local_setup.bash
[0.419s] -- Up-to-date symlink: /home/xinhongwang/ws02_tools/install/cpp06_urdf/share/cpp06_urdf/config/install/local_setup.ps1
[0.420s] -- Up-to-date symlink: /home/xinhongwang/ws02_tools/install/cpp06_urdf/share/cpp06_urdf/config/install/local_setup.sh
[0.420s] -- Up-to-date symlink: /home/xinhongwang/ws02_tools/install/cpp06_urdf/share/cpp06_urdf/config/install/local_setup.zsh
[0.420s] -- Up-to-date symlink: /home/xinhongwang/ws02_tools/install/cpp06_urdf/share/cpp06_urdf/config/install/setup.bash
[0.420s] -- Up-to-date symlink: /home/xinhongwang/ws02_tools/install/cpp06_urdf/share/cpp06_urdf/config/install/setup.ps1
[0.420s] -- Up-to-date symlink: /home/xinhongwang/ws02_tools/install/cpp06_urdf/share/cpp06_urdf/config/install/setup.sh
[0.420s] -- Up-to-date symlink: /home/xinhongwang/ws02_tools/install/cpp06_urdf/share/cpp06_urdf/config/install/setup.zsh
[0.421s] -- Up-to-date symlink: /home/xinhongwang/ws02_tools/install/cpp06_urdf/share/cpp06_urdf/config/log/COLCON_IGNORE
[0.421s] -- Up-to-date symlink: /home/xinhongwang/ws02_tools/install/cpp06_urdf/share/cpp06_urdf/config/log/build_2025-03-20_16-20-56/events.log
[0.421s] -- Up-to-date symlink: /home/xinhongwang/ws02_tools/install/cpp06_urdf/share/cpp06_urdf/config/log/build_2025-03-20_16-20-56/logger_all.log
[0.421s] -- Up-to-date symlink: /home/xinhongwang/ws02_tools/install/cpp06_urdf/share/cpp06_urdf/config/log/latest/events.log
[0.421s] -- Up-to-date symlink: /home/xinhongwang/ws02_tools/install/cpp06_urdf/share/cpp06_urdf/config/log/latest/logger_all.log
[0.422s] -- Up-to-date symlink: /home/xinhongwang/ws02_tools/install/cpp06_urdf/share/cpp06_urdf/config/log/latest_build/events.log
[0.422s] -- Up-to-date symlink: /home/xinhongwang/ws02_tools/install/cpp06_urdf/share/cpp06_urdf/config/log/latest_build/logger_all.log
[0.422s] -- Up-to-date symlink: /home/xinhongwang/ws02_tools/install/cpp06_urdf/share/ament_index/resource_index/package_run_dependencies/cpp06_urdf
[0.422s] -- Up-to-date symlink: /home/xinhongwang/ws02_tools/install/cpp06_urdf/share/ament_index/resource_index/parent_prefix_path/cpp06_urdf
[0.423s] -- Up-to-date symlink: /home/xinhongwang/ws02_tools/install/cpp06_urdf/share/cpp06_urdf/environment/ament_prefix_path.sh
[0.423s] -- Up-to-date symlink: /home/xinhongwang/ws02_tools/install/cpp06_urdf/share/cpp06_urdf/environment/ament_prefix_path.dsv
[0.423s] -- Up-to-date symlink: /home/xinhongwang/ws02_tools/install/cpp06_urdf/share/cpp06_urdf/environment/path.sh
[0.423s] -- Up-to-date symlink: /home/xinhongwang/ws02_tools/install/cpp06_urdf/share/cpp06_urdf/environment/path.dsv
[0.423s] -- Up-to-date symlink: /home/xinhongwang/ws02_tools/install/cpp06_urdf/share/cpp06_urdf/local_setup.bash
[0.423s] -- Up-to-date symlink: /home/xinhongwang/ws02_tools/install/cpp06_urdf/share/cpp06_urdf/local_setup.sh
[0.424s] -- Up-to-date symlink: /home/xinhongwang/ws02_tools/install/cpp06_urdf/share/cpp06_urdf/local_setup.zsh
[0.424s] -- Up-to-date symlink: /home/xinhongwang/ws02_tools/install/cpp06_urdf/share/cpp06_urdf/local_setup.dsv
[0.424s] -- Symlinking: /home/xinhongwang/ws02_tools/install/cpp06_urdf/share/cpp06_urdf/package.dsv
[0.437s] -- Up-to-date symlink: /home/xinhongwang/ws02_tools/install/cpp06_urdf/share/ament_index/resource_index/packages/cpp06_urdf
[0.437s] -- Up-to-date symlink: /home/xinhongwang/ws02_tools/install/cpp06_urdf/share/cpp06_urdf/cmake/cpp06_urdfConfig.cmake
[0.437s] -- Up-to-date symlink: /home/xinhongwang/ws02_tools/install/cpp06_urdf/share/cpp06_urdf/cmake/cpp06_urdfConfig-version.cmake
[0.438s] -- Up-to-date symlink: /home/xinhongwang/ws02_tools/install/cpp06_urdf/share/cpp06_urdf/package.xml
[0.441s] Invoked command in '/home/xinhongwang/ws02_tools/build/cpp06_urdf' returned '0': CMAKE_PREFIX_PATH=${CMAKE_PREFIX_PATH}:/home/xinhongwang/ws02_tools/install/py01_launch:/opt/ros/humble /usr/bin/cmake --install /home/xinhongwang/ws02_tools/build/cpp06_urdf
