[0.137s] DEBUG:colcon:Command line arguments: ['/usr/bin/colcon', 'build']
[0.137s] DEBUG:colcon:Parsed command line arguments: Namespace(log_base=None, log_level=None, verb_name='build', build_base='build', install_base='install', merge_install=False, symlink_install=False, test_result_base=None, continue_on_error=False, executor='parallel', parallel_workers=8, event_handlers=None, ignore_user_meta=False, metas=['./colcon.meta'], base_paths=['.'], packages_ignore=None, packages_ignore_regex=None, paths=None, packages_up_to=None, packages_up_to_regex=None, packages_above=None, packages_above_and_dependencies=None, packages_above_depth=None, packages_select_by_dep=None, packages_skip_by_dep=None, packages_skip_up_to=None, packages_select_build_failed=False, packages_skip_build_finished=False, packages_select_test_failures=False, packages_skip_test_passed=False, packages_select=None, packages_skip=None, packages_select_regex=None, packages_skip_regex=None, packages_start=None, packages_end=None, allow_overriding=[], cmake_args=None, cmake_target=None, cmake_target_skip_unavailable=False, cmake_clean_cache=False, cmake_clean_first=False, cmake_force_configure=False, ament_cmake_args=None, catkin_cmake_args=None, catkin_skip_building_tests=False, verb_parser=<colcon_defaults.argument_parser.defaults.DefaultArgumentsDecorator object at 0x7ff722260490>, verb_extension=<colcon_core.verb.build.BuildVerb object at 0x7ff722223f70>, main=<bound method BuildVerb.main of <colcon_core.verb.build.BuildVerb object at 0x7ff722223f70>>)
[0.302s] Level 1:colcon.colcon_core.package_discovery:discover_packages(colcon_meta) check parameters
[0.302s] Level 1:colcon.colcon_core.package_discovery:discover_packages(recursive) check parameters
[0.302s] Level 1:colcon.colcon_core.package_discovery:discover_packages(ignore) check parameters
[0.302s] Level 1:colcon.colcon_core.package_discovery:discover_packages(path) check parameters
[0.302s] Level 1:colcon.colcon_core.package_discovery:discover_packages(colcon_meta) discover
[0.302s] Level 1:colcon.colcon_core.package_discovery:discover_packages(recursive) discover
[0.302s] INFO:colcon.colcon_core.package_discovery:Crawling recursively for packages in '/home/xinhongwang/ws02_tools'
[0.302s] Level 1:colcon.colcon_core.package_identification:_identify(.) by extensions ['ignore', 'ignore_ament_install']
[0.302s] Level 1:colcon.colcon_core.package_identification:_identify(.) by extension 'ignore'
[0.302s] Level 1:colcon.colcon_core.package_identification:_identify(.) by extension 'ignore_ament_install'
[0.303s] Level 1:colcon.colcon_core.package_identification:_identify(.) by extensions ['colcon_pkg']
[0.303s] Level 1:colcon.colcon_core.package_identification:_identify(.) by extension 'colcon_pkg'
[0.303s] Level 1:colcon.colcon_core.package_identification:_identify(.) by extensions ['colcon_meta']
[0.303s] Level 1:colcon.colcon_core.package_identification:_identify(.) by extension 'colcon_meta'
[0.303s] Level 1:colcon.colcon_core.package_identification:_identify(.) by extensions ['ros']
[0.303s] Level 1:colcon.colcon_core.package_identification:_identify(.) by extension 'ros'
[0.314s] Level 1:colcon.colcon_core.package_identification:_identify(.) by extensions ['cmake', 'python']
[0.314s] Level 1:colcon.colcon_core.package_identification:_identify(.) by extension 'cmake'
[0.314s] Level 1:colcon.colcon_core.package_identification:_identify(.) by extension 'python'
[0.314s] Level 1:colcon.colcon_core.package_identification:_identify(.) by extensions ['python_setup_py']
[0.314s] Level 1:colcon.colcon_core.package_identification:_identify(.) by extension 'python_setup_py'
[0.314s] Level 1:colcon.colcon_core.package_identification:_identify(build) by extensions ['ignore', 'ignore_ament_install']
[0.314s] Level 1:colcon.colcon_core.package_identification:_identify(build) by extension 'ignore'
[0.314s] Level 1:colcon.colcon_core.package_identification:_identify(build) ignored
[0.315s] Level 1:colcon.colcon_core.package_identification:_identify(install) by extensions ['ignore', 'ignore_ament_install']
[0.315s] Level 1:colcon.colcon_core.package_identification:_identify(install) by extension 'ignore'
[0.315s] Level 1:colcon.colcon_core.package_identification:_identify(install) ignored
[0.315s] Level 1:colcon.colcon_core.package_identification:_identify(log) by extensions ['ignore', 'ignore_ament_install']
[0.315s] Level 1:colcon.colcon_core.package_identification:_identify(log) by extension 'ignore'
[0.315s] Level 1:colcon.colcon_core.package_identification:_identify(log) ignored
[0.315s] Level 1:colcon.colcon_core.package_identification:_identify(src) by extensions ['ignore', 'ignore_ament_install']
[0.315s] Level 1:colcon.colcon_core.package_identification:_identify(src) by extension 'ignore'
[0.315s] Level 1:colcon.colcon_core.package_identification:_identify(src) by extension 'ignore_ament_install'
[0.315s] Level 1:colcon.colcon_core.package_identification:_identify(src) by extensions ['colcon_pkg']
[0.315s] Level 1:colcon.colcon_core.package_identification:_identify(src) by extension 'colcon_pkg'
[0.315s] Level 1:colcon.colcon_core.package_identification:_identify(src) by extensions ['colcon_meta']
[0.315s] Level 1:colcon.colcon_core.package_identification:_identify(src) by extension 'colcon_meta'
[0.315s] Level 1:colcon.colcon_core.package_identification:_identify(src) by extensions ['ros']
[0.315s] Level 1:colcon.colcon_core.package_identification:_identify(src) by extension 'ros'
[0.316s] Level 1:colcon.colcon_core.package_identification:_identify(src) by extensions ['cmake', 'python']
[0.316s] Level 1:colcon.colcon_core.package_identification:_identify(src) by extension 'cmake'
[0.316s] Level 1:colcon.colcon_core.package_identification:_identify(src) by extension 'python'
[0.316s] Level 1:colcon.colcon_core.package_identification:_identify(src) by extensions ['python_setup_py']
[0.316s] Level 1:colcon.colcon_core.package_identification:_identify(src) by extension 'python_setup_py'
[0.316s] Level 1:colcon.colcon_core.package_identification:_identify(src/car_navigation2) by extensions ['ignore', 'ignore_ament_install']
[0.316s] Level 1:colcon.colcon_core.package_identification:_identify(src/car_navigation2) by extension 'ignore'
[0.316s] Level 1:colcon.colcon_core.package_identification:_identify(src/car_navigation2) by extension 'ignore_ament_install'
[0.316s] Level 1:colcon.colcon_core.package_identification:_identify(src/car_navigation2) by extensions ['colcon_pkg']
[0.316s] Level 1:colcon.colcon_core.package_identification:_identify(src/car_navigation2) by extension 'colcon_pkg'
[0.316s] Level 1:colcon.colcon_core.package_identification:_identify(src/car_navigation2) by extensions ['colcon_meta']
[0.316s] Level 1:colcon.colcon_core.package_identification:_identify(src/car_navigation2) by extension 'colcon_meta'
[0.316s] Level 1:colcon.colcon_core.package_identification:_identify(src/car_navigation2) by extensions ['ros']
[0.316s] Level 1:colcon.colcon_core.package_identification:_identify(src/car_navigation2) by extension 'ros'
[0.319s] DEBUG:colcon.colcon_core.package_identification:Package 'src/car_navigation2' with type 'ros.ament_cmake' and name 'car_navigation2'
[0.319s] Level 1:colcon.colcon_core.package_identification:_identify(src/cpp06_urdf) by extensions ['ignore', 'ignore_ament_install']
[0.319s] Level 1:colcon.colcon_core.package_identification:_identify(src/cpp06_urdf) by extension 'ignore'
[0.319s] Level 1:colcon.colcon_core.package_identification:_identify(src/cpp06_urdf) by extension 'ignore_ament_install'
[0.319s] Level 1:colcon.colcon_core.package_identification:_identify(src/cpp06_urdf) by extensions ['colcon_pkg']
[0.319s] Level 1:colcon.colcon_core.package_identification:_identify(src/cpp06_urdf) by extension 'colcon_pkg'
[0.319s] Level 1:colcon.colcon_core.package_identification:_identify(src/cpp06_urdf) by extensions ['colcon_meta']
[0.319s] Level 1:colcon.colcon_core.package_identification:_identify(src/cpp06_urdf) by extension 'colcon_meta'
[0.319s] Level 1:colcon.colcon_core.package_identification:_identify(src/cpp06_urdf) by extensions ['ros']
[0.319s] Level 1:colcon.colcon_core.package_identification:_identify(src/cpp06_urdf) by extension 'ros'
[0.320s] DEBUG:colcon.colcon_core.package_identification:Package 'src/cpp06_urdf' with type 'ros.ament_cmake' and name 'cpp06_urdf'
[0.320s] Level 1:colcon.colcon_core.package_discovery:discover_packages(recursive) using defaults
[0.320s] Level 1:colcon.colcon_core.package_discovery:discover_packages(ignore) discover
[0.320s] Level 1:colcon.colcon_core.package_discovery:discover_packages(ignore) using defaults
[0.320s] Level 1:colcon.colcon_core.package_discovery:discover_packages(path) discover
[0.320s] Level 1:colcon.colcon_core.package_discovery:discover_packages(path) using defaults
[0.353s] Level 1:colcon.colcon_core.package_discovery:discover_packages(prefix_path) check parameters
[0.353s] Level 1:colcon.colcon_core.package_discovery:discover_packages(prefix_path) discover
[0.354s] WARNING:colcon.colcon_ros.prefix_path.ament:The path '/home/xinhongwang/ws02_tools/install/cpp03_tf_broadcaster' in the environment variable AMENT_PREFIX_PATH doesn't exist
[0.354s] WARNING:colcon.colcon_ros.prefix_path.catkin:The path '/home/xinhongwang/ws02_tools/install/cpp03_tf_broadcaster' in the environment variable CMAKE_PREFIX_PATH doesn't exist
[0.355s] DEBUG:colcon.colcon_installed_package_information.package_discovery:Found 3 installed packages in /home/xinhongwang/ws02_tools/install
[0.356s] DEBUG:colcon.colcon_installed_package_information.package_discovery:Found 2 installed packages in /home/xinhongwang/ws00_helloworld/install
[0.358s] DEBUG:colcon.colcon_installed_package_information.package_discovery:Found 409 installed packages in /opt/ros/humble
[0.359s] Level 1:colcon.colcon_core.package_discovery:discover_packages(prefix_path) using defaults
[0.421s] Level 5:colcon.colcon_core.verb:set package 'car_navigation2' build argument 'cmake_args' from command line to 'None'
[0.421s] Level 5:colcon.colcon_core.verb:set package 'car_navigation2' build argument 'cmake_target' from command line to 'None'
[0.421s] Level 5:colcon.colcon_core.verb:set package 'car_navigation2' build argument 'cmake_target_skip_unavailable' from command line to 'False'
[0.421s] Level 5:colcon.colcon_core.verb:set package 'car_navigation2' build argument 'cmake_clean_cache' from command line to 'False'
[0.421s] Level 5:colcon.colcon_core.verb:set package 'car_navigation2' build argument 'cmake_clean_first' from command line to 'False'
[0.421s] Level 5:colcon.colcon_core.verb:set package 'car_navigation2' build argument 'cmake_force_configure' from command line to 'False'
[0.421s] Level 5:colcon.colcon_core.verb:set package 'car_navigation2' build argument 'ament_cmake_args' from command line to 'None'
[0.421s] Level 5:colcon.colcon_core.verb:set package 'car_navigation2' build argument 'catkin_cmake_args' from command line to 'None'
[0.421s] Level 5:colcon.colcon_core.verb:set package 'car_navigation2' build argument 'catkin_skip_building_tests' from command line to 'False'
[0.421s] DEBUG:colcon.colcon_core.verb:Building package 'car_navigation2' with the following arguments: {'ament_cmake_args': None, 'build_base': '/home/xinhongwang/ws02_tools/build/car_navigation2', 'catkin_cmake_args': None, 'catkin_skip_building_tests': False, 'cmake_args': None, 'cmake_clean_cache': False, 'cmake_clean_first': False, 'cmake_force_configure': False, 'cmake_target': None, 'cmake_target_skip_unavailable': False, 'install_base': '/home/xinhongwang/ws02_tools/install/car_navigation2', 'merge_install': False, 'path': '/home/xinhongwang/ws02_tools/src/car_navigation2', 'symlink_install': False, 'test_result_base': None}
[0.422s] Level 5:colcon.colcon_core.verb:set package 'cpp06_urdf' build argument 'cmake_args' from command line to 'None'
[0.422s] Level 5:colcon.colcon_core.verb:set package 'cpp06_urdf' build argument 'cmake_target' from command line to 'None'
[0.422s] Level 5:colcon.colcon_core.verb:set package 'cpp06_urdf' build argument 'cmake_target_skip_unavailable' from command line to 'False'
[0.422s] Level 5:colcon.colcon_core.verb:set package 'cpp06_urdf' build argument 'cmake_clean_cache' from command line to 'False'
[0.422s] Level 5:colcon.colcon_core.verb:set package 'cpp06_urdf' build argument 'cmake_clean_first' from command line to 'False'
[0.422s] Level 5:colcon.colcon_core.verb:set package 'cpp06_urdf' build argument 'cmake_force_configure' from command line to 'False'
[0.422s] Level 5:colcon.colcon_core.verb:set package 'cpp06_urdf' build argument 'ament_cmake_args' from command line to 'None'
[0.422s] Level 5:colcon.colcon_core.verb:set package 'cpp06_urdf' build argument 'catkin_cmake_args' from command line to 'None'
[0.422s] Level 5:colcon.colcon_core.verb:set package 'cpp06_urdf' build argument 'catkin_skip_building_tests' from command line to 'False'
[0.422s] DEBUG:colcon.colcon_core.verb:Building package 'cpp06_urdf' with the following arguments: {'ament_cmake_args': None, 'build_base': '/home/xinhongwang/ws02_tools/build/cpp06_urdf', 'catkin_cmake_args': None, 'catkin_skip_building_tests': False, 'cmake_args': None, 'cmake_clean_cache': False, 'cmake_clean_first': False, 'cmake_force_configure': False, 'cmake_target': None, 'cmake_target_skip_unavailable': False, 'install_base': '/home/xinhongwang/ws02_tools/install/cpp06_urdf', 'merge_install': False, 'path': '/home/xinhongwang/ws02_tools/src/cpp06_urdf', 'symlink_install': False, 'test_result_base': None}
[0.422s] INFO:colcon.colcon_core.executor:Executing jobs using 'parallel' executor
[0.424s] DEBUG:colcon.colcon_parallel_executor.executor.parallel:run_until_complete
[0.424s] INFO:colcon.colcon_ros.task.ament_cmake.build:Building ROS package in '/home/xinhongwang/ws02_tools/src/car_navigation2' with build type 'ament_cmake'
[0.424s] INFO:colcon.colcon_cmake.task.cmake.build:Building CMake package in '/home/xinhongwang/ws02_tools/src/car_navigation2'
[0.427s] INFO:colcon.colcon_core.plugin_system:Skipping extension 'colcon_core.shell.bat': Not used on non-Windows systems
[0.428s] INFO:colcon.colcon_core.shell:Skip shell extension 'powershell' for command environment: Not usable outside of PowerShell
[0.428s] DEBUG:colcon.colcon_core.shell:Skip shell extension 'dsv' for command environment
[0.434s] INFO:colcon.colcon_ros.task.ament_cmake.build:Building ROS package in '/home/xinhongwang/ws02_tools/src/cpp06_urdf' with build type 'ament_cmake'
[0.434s] INFO:colcon.colcon_cmake.task.cmake.build:Building CMake package in '/home/xinhongwang/ws02_tools/src/cpp06_urdf'
[0.434s] INFO:colcon.colcon_core.shell:Skip shell extension 'powershell' for command environment: Not usable outside of PowerShell
[0.434s] DEBUG:colcon.colcon_core.shell:Skip shell extension 'dsv' for command environment
[0.448s] DEBUG:colcon.colcon_core.event_handler.log_command:Invoking command in '/home/xinhongwang/ws02_tools/build/car_navigation2': CMAKE_PREFIX_PATH=${CMAKE_PREFIX_PATH}:/home/xinhongwang/ws02_tools/install/py01_launch:/opt/ros/humble /usr/bin/cmake --build /home/xinhongwang/ws02_tools/build/car_navigation2 -- -j8 -l8
[0.456s] DEBUG:colcon.colcon_core.event_handler.log_command:Invoking command in '/home/xinhongwang/ws02_tools/build/cpp06_urdf': CMAKE_PREFIX_PATH=${CMAKE_PREFIX_PATH}:/home/xinhongwang/ws02_tools/install/py01_launch:/opt/ros/humble /usr/bin/cmake --build /home/xinhongwang/ws02_tools/build/cpp06_urdf -- -j8 -l8
[0.521s] DEBUG:colcon.colcon_core.event_handler.log_command:Invoked command in '/home/xinhongwang/ws02_tools/build/car_navigation2' returned '0': CMAKE_PREFIX_PATH=${CMAKE_PREFIX_PATH}:/home/xinhongwang/ws02_tools/install/py01_launch:/opt/ros/humble /usr/bin/cmake --build /home/xinhongwang/ws02_tools/build/car_navigation2 -- -j8 -l8
[0.539s] DEBUG:colcon.colcon_core.event_handler.log_command:Invoking command in '/home/xinhongwang/ws02_tools/build/car_navigation2': CMAKE_PREFIX_PATH=${CMAKE_PREFIX_PATH}:/home/xinhongwang/ws02_tools/install/py01_launch:/opt/ros/humble /usr/bin/cmake --install /home/xinhongwang/ws02_tools/build/car_navigation2
[0.551s] DEBUG:colcon.colcon_core.event_handler.log_command:Invoked command in '/home/xinhongwang/ws02_tools/build/cpp06_urdf' returned '0': CMAKE_PREFIX_PATH=${CMAKE_PREFIX_PATH}:/home/xinhongwang/ws02_tools/install/py01_launch:/opt/ros/humble /usr/bin/cmake --build /home/xinhongwang/ws02_tools/build/cpp06_urdf -- -j8 -l8
[0.553s] DEBUG:colcon.colcon_core.event_handler.log_command:Invoking command in '/home/xinhongwang/ws02_tools/build/cpp06_urdf': CMAKE_PREFIX_PATH=${CMAKE_PREFIX_PATH}:/home/xinhongwang/ws02_tools/install/py01_launch:/opt/ros/humble /usr/bin/cmake --install /home/xinhongwang/ws02_tools/build/cpp06_urdf
[0.561s] Level 1:colcon.colcon_core.environment:create_environment_scripts_only(car_navigation2)
[0.562s] DEBUG:colcon.colcon_core.event_handler.log_command:Invoked command in '/home/xinhongwang/ws02_tools/build/car_navigation2' returned '0': CMAKE_PREFIX_PATH=${CMAKE_PREFIX_PATH}:/home/xinhongwang/ws02_tools/install/py01_launch:/opt/ros/humble /usr/bin/cmake --install /home/xinhongwang/ws02_tools/build/car_navigation2
[0.590s] Level 1:colcon.colcon_core.environment:checking '/home/xinhongwang/ws02_tools/install/car_navigation2' for CMake module files
[0.595s] Level 1:colcon.colcon_core.environment:checking '/home/xinhongwang/ws02_tools/install/car_navigation2' for CMake config files
[0.595s] Level 1:colcon.colcon_core.shell:create_environment_hook('car_navigation2', 'cmake_prefix_path')
[0.595s] INFO:colcon.colcon_core.shell:Creating environment hook '/home/xinhongwang/ws02_tools/install/car_navigation2/share/car_navigation2/hook/cmake_prefix_path.ps1'
[0.596s] INFO:colcon.colcon_core.shell:Creating environment descriptor '/home/xinhongwang/ws02_tools/install/car_navigation2/share/car_navigation2/hook/cmake_prefix_path.dsv'
[0.597s] INFO:colcon.colcon_core.shell:Creating environment hook '/home/xinhongwang/ws02_tools/install/car_navigation2/share/car_navigation2/hook/cmake_prefix_path.sh'
[0.603s] Level 1:colcon.colcon_core.environment:checking '/home/xinhongwang/ws02_tools/install/car_navigation2/bin'
[0.603s] Level 1:colcon.colcon_core.environment:checking '/home/xinhongwang/ws02_tools/install/car_navigation2/lib/pkgconfig/car_navigation2.pc'
[0.603s] Level 1:colcon.colcon_core.environment:checking '/home/xinhongwang/ws02_tools/install/car_navigation2/lib/python3.10/site-packages'
[0.603s] Level 1:colcon.colcon_core.environment:checking '/home/xinhongwang/ws02_tools/install/car_navigation2/bin'
[0.604s] INFO:colcon.colcon_core.shell:Creating package script '/home/xinhongwang/ws02_tools/install/car_navigation2/share/car_navigation2/package.ps1'
[0.605s] INFO:colcon.colcon_core.shell:Creating package descriptor '/home/xinhongwang/ws02_tools/install/car_navigation2/share/car_navigation2/package.dsv'
[0.606s] INFO:colcon.colcon_core.shell:Creating package script '/home/xinhongwang/ws02_tools/install/car_navigation2/share/car_navigation2/package.sh'
[0.606s] INFO:colcon.colcon_core.shell:Creating package script '/home/xinhongwang/ws02_tools/install/car_navigation2/share/car_navigation2/package.bash'
[0.607s] INFO:colcon.colcon_core.shell:Creating package script '/home/xinhongwang/ws02_tools/install/car_navigation2/share/car_navigation2/package.zsh'
[0.608s] Level 1:colcon.colcon_core.environment:create_file_with_runtime_dependencies(/home/xinhongwang/ws02_tools/install/car_navigation2/share/colcon-core/packages/car_navigation2)
[0.610s] Level 1:colcon.colcon_core.environment:create_environment_scripts_only(car_navigation2)
[0.610s] Level 1:colcon.colcon_core.environment:checking '/home/xinhongwang/ws02_tools/install/car_navigation2' for CMake module files
[0.610s] Level 1:colcon.colcon_core.environment:checking '/home/xinhongwang/ws02_tools/install/car_navigation2' for CMake config files
[0.611s] Level 1:colcon.colcon_core.shell:create_environment_hook('car_navigation2', 'cmake_prefix_path')
[0.611s] INFO:colcon.colcon_core.shell:Creating environment hook '/home/xinhongwang/ws02_tools/install/car_navigation2/share/car_navigation2/hook/cmake_prefix_path.ps1'
[0.612s] INFO:colcon.colcon_core.shell:Creating environment descriptor '/home/xinhongwang/ws02_tools/install/car_navigation2/share/car_navigation2/hook/cmake_prefix_path.dsv'
[0.612s] INFO:colcon.colcon_core.shell:Creating environment hook '/home/xinhongwang/ws02_tools/install/car_navigation2/share/car_navigation2/hook/cmake_prefix_path.sh'
[0.613s] Level 1:colcon.colcon_core.environment:checking '/home/xinhongwang/ws02_tools/install/car_navigation2/bin'
[0.614s] Level 1:colcon.colcon_core.environment:checking '/home/xinhongwang/ws02_tools/install/car_navigation2/lib/pkgconfig/car_navigation2.pc'
[0.614s] Level 1:colcon.colcon_core.environment:checking '/home/xinhongwang/ws02_tools/install/car_navigation2/lib/python3.10/site-packages'
[0.614s] Level 1:colcon.colcon_core.environment:checking '/home/xinhongwang/ws02_tools/install/car_navigation2/bin'
[0.615s] INFO:colcon.colcon_core.shell:Creating package script '/home/xinhongwang/ws02_tools/install/car_navigation2/share/car_navigation2/package.ps1'
[0.616s] INFO:colcon.colcon_core.shell:Creating package descriptor '/home/xinhongwang/ws02_tools/install/car_navigation2/share/car_navigation2/package.dsv'
[0.617s] INFO:colcon.colcon_core.shell:Creating package script '/home/xinhongwang/ws02_tools/install/car_navigation2/share/car_navigation2/package.sh'
[0.618s] INFO:colcon.colcon_core.shell:Creating package script '/home/xinhongwang/ws02_tools/install/car_navigation2/share/car_navigation2/package.bash'
[0.619s] INFO:colcon.colcon_core.shell:Creating package script '/home/xinhongwang/ws02_tools/install/car_navigation2/share/car_navigation2/package.zsh'
[0.620s] Level 1:colcon.colcon_core.environment:create_file_with_runtime_dependencies(/home/xinhongwang/ws02_tools/install/car_navigation2/share/colcon-core/packages/car_navigation2)
[0.622s] Level 1:colcon.colcon_core.environment:create_environment_scripts_only(cpp06_urdf)
[0.623s] Level 1:colcon.colcon_core.environment:checking '/home/xinhongwang/ws02_tools/install/cpp06_urdf' for CMake module files
[0.624s] DEBUG:colcon.colcon_core.event_handler.log_command:Invoked command in '/home/xinhongwang/ws02_tools/build/cpp06_urdf' returned '0': CMAKE_PREFIX_PATH=${CMAKE_PREFIX_PATH}:/home/xinhongwang/ws02_tools/install/py01_launch:/opt/ros/humble /usr/bin/cmake --install /home/xinhongwang/ws02_tools/build/cpp06_urdf
[0.625s] Level 1:colcon.colcon_core.environment:checking '/home/xinhongwang/ws02_tools/install/cpp06_urdf' for CMake config files
[0.626s] Level 1:colcon.colcon_core.shell:create_environment_hook('cpp06_urdf', 'cmake_prefix_path')
[0.627s] INFO:colcon.colcon_core.shell:Creating environment hook '/home/xinhongwang/ws02_tools/install/cpp06_urdf/share/cpp06_urdf/hook/cmake_prefix_path.ps1'
[0.627s] INFO:colcon.colcon_core.shell:Creating environment descriptor '/home/xinhongwang/ws02_tools/install/cpp06_urdf/share/cpp06_urdf/hook/cmake_prefix_path.dsv'
[0.628s] INFO:colcon.colcon_core.shell:Creating environment hook '/home/xinhongwang/ws02_tools/install/cpp06_urdf/share/cpp06_urdf/hook/cmake_prefix_path.sh'
[0.629s] Level 1:colcon.colcon_core.environment:checking '/home/xinhongwang/ws02_tools/install/cpp06_urdf/bin'
[0.629s] Level 1:colcon.colcon_core.environment:checking '/home/xinhongwang/ws02_tools/install/cpp06_urdf/lib/pkgconfig/cpp06_urdf.pc'
[0.629s] Level 1:colcon.colcon_core.environment:checking '/home/xinhongwang/ws02_tools/install/cpp06_urdf/lib/python3.10/site-packages'
[0.629s] Level 1:colcon.colcon_core.environment:checking '/home/xinhongwang/ws02_tools/install/cpp06_urdf/bin'
[0.630s] INFO:colcon.colcon_core.shell:Creating package script '/home/xinhongwang/ws02_tools/install/cpp06_urdf/share/cpp06_urdf/package.ps1'
[0.630s] INFO:colcon.colcon_core.shell:Creating package descriptor '/home/xinhongwang/ws02_tools/install/cpp06_urdf/share/cpp06_urdf/package.dsv'
[0.631s] INFO:colcon.colcon_core.shell:Creating package script '/home/xinhongwang/ws02_tools/install/cpp06_urdf/share/cpp06_urdf/package.sh'
[0.632s] INFO:colcon.colcon_core.shell:Creating package script '/home/xinhongwang/ws02_tools/install/cpp06_urdf/share/cpp06_urdf/package.bash'
[0.633s] INFO:colcon.colcon_core.shell:Creating package script '/home/xinhongwang/ws02_tools/install/cpp06_urdf/share/cpp06_urdf/package.zsh'
[0.634s] Level 1:colcon.colcon_core.environment:create_file_with_runtime_dependencies(/home/xinhongwang/ws02_tools/install/cpp06_urdf/share/colcon-core/packages/cpp06_urdf)
[0.635s] Level 1:colcon.colcon_core.environment:create_environment_scripts_only(cpp06_urdf)
[0.635s] Level 1:colcon.colcon_core.environment:checking '/home/xinhongwang/ws02_tools/install/cpp06_urdf' for CMake module files
[0.636s] Level 1:colcon.colcon_core.environment:checking '/home/xinhongwang/ws02_tools/install/cpp06_urdf' for CMake config files
[0.637s] Level 1:colcon.colcon_core.shell:create_environment_hook('cpp06_urdf', 'cmake_prefix_path')
[0.637s] INFO:colcon.colcon_core.shell:Creating environment hook '/home/xinhongwang/ws02_tools/install/cpp06_urdf/share/cpp06_urdf/hook/cmake_prefix_path.ps1'
[0.638s] INFO:colcon.colcon_core.shell:Creating environment descriptor '/home/xinhongwang/ws02_tools/install/cpp06_urdf/share/cpp06_urdf/hook/cmake_prefix_path.dsv'
[0.638s] INFO:colcon.colcon_core.shell:Creating environment hook '/home/xinhongwang/ws02_tools/install/cpp06_urdf/share/cpp06_urdf/hook/cmake_prefix_path.sh'
[0.639s] Level 1:colcon.colcon_core.environment:checking '/home/xinhongwang/ws02_tools/install/cpp06_urdf/bin'
[0.639s] Level 1:colcon.colcon_core.environment:checking '/home/xinhongwang/ws02_tools/install/cpp06_urdf/lib/pkgconfig/cpp06_urdf.pc'
[0.640s] Level 1:colcon.colcon_core.environment:checking '/home/xinhongwang/ws02_tools/install/cpp06_urdf/lib/python3.10/site-packages'
[0.640s] Level 1:colcon.colcon_core.environment:checking '/home/xinhongwang/ws02_tools/install/cpp06_urdf/bin'
[0.641s] INFO:colcon.colcon_core.shell:Creating package script '/home/xinhongwang/ws02_tools/install/cpp06_urdf/share/cpp06_urdf/package.ps1'
[0.641s] INFO:colcon.colcon_core.shell:Creating package descriptor '/home/xinhongwang/ws02_tools/install/cpp06_urdf/share/cpp06_urdf/package.dsv'
[0.642s] INFO:colcon.colcon_core.shell:Creating package script '/home/xinhongwang/ws02_tools/install/cpp06_urdf/share/cpp06_urdf/package.sh'
[0.643s] INFO:colcon.colcon_core.shell:Creating package script '/home/xinhongwang/ws02_tools/install/cpp06_urdf/share/cpp06_urdf/package.bash'
[0.643s] INFO:colcon.colcon_core.shell:Creating package script '/home/xinhongwang/ws02_tools/install/cpp06_urdf/share/cpp06_urdf/package.zsh'
[0.644s] Level 1:colcon.colcon_core.environment:create_file_with_runtime_dependencies(/home/xinhongwang/ws02_tools/install/cpp06_urdf/share/colcon-core/packages/cpp06_urdf)
[0.645s] DEBUG:colcon.colcon_parallel_executor.executor.parallel:closing loop
[0.645s] DEBUG:colcon.colcon_parallel_executor.executor.parallel:loop closed
[0.646s] DEBUG:colcon.colcon_parallel_executor.executor.parallel:run_until_complete finished with '0'
[0.646s] DEBUG:colcon.colcon_core.event_reactor:joining thread
[0.656s] INFO:colcon.colcon_core.plugin_system:Skipping extension 'colcon_notification.desktop_notification.terminal_notifier': Not used on non-Darwin systems
[0.656s] INFO:colcon.colcon_core.plugin_system:Skipping extension 'colcon_notification.desktop_notification.win32': Not used on non-Windows systems
[0.656s] INFO:colcon.colcon_notification.desktop_notification:Sending desktop notification using 'notify2'
[0.702s] DEBUG:colcon.colcon_core.event_reactor:joined thread
[0.703s] INFO:colcon.colcon_core.shell:Creating prefix script '/home/xinhongwang/ws02_tools/install/local_setup.ps1'
[0.705s] INFO:colcon.colcon_core.shell:Creating prefix util module '/home/xinhongwang/ws02_tools/install/_local_setup_util_ps1.py'
[0.707s] INFO:colcon.colcon_core.shell:Creating prefix chain script '/home/xinhongwang/ws02_tools/install/setup.ps1'
[0.709s] INFO:colcon.colcon_core.shell:Creating prefix script '/home/xinhongwang/ws02_tools/install/local_setup.sh'
[0.710s] INFO:colcon.colcon_core.shell:Creating prefix util module '/home/xinhongwang/ws02_tools/install/_local_setup_util_sh.py'
[0.712s] INFO:colcon.colcon_core.shell:Creating prefix chain script '/home/xinhongwang/ws02_tools/install/setup.sh'
[0.714s] INFO:colcon.colcon_core.shell:Creating prefix script '/home/xinhongwang/ws02_tools/install/local_setup.bash'
[0.715s] INFO:colcon.colcon_core.shell:Creating prefix chain script '/home/xinhongwang/ws02_tools/install/setup.bash'
[0.718s] INFO:colcon.colcon_core.shell:Creating prefix script '/home/xinhongwang/ws02_tools/install/local_setup.zsh'
[0.719s] INFO:colcon.colcon_core.shell:Creating prefix chain script '/home/xinhongwang/ws02_tools/install/setup.zsh'
