[1.752s] Invoking command in '/home/xinhongwang/ws02_tools/src/py01_launch': PYTHONPATH=/home/xinhongwang/ws02_tools/build/py01_launch/prefix_override:/usr/lib/python3/dist-packages/colcon_core/task/python/colcon_distutils_commands:/home/xinhongwang/ws02_tools/install/py01_launch/lib/python3.10/site-packages:${PYTHONPATH} /usr/bin/python3 -W ignore:setup.py install is deprecated -W ignore:easy_install command is deprecated setup.py egg_info --egg-base ../../build/py01_launch build --build-base /home/xinhongwang/ws02_tools/build/py01_launch/build install --record /home/xinhongwang/ws02_tools/build/py01_launch/install.log --single-version-externally-managed install_data
[2.268s] running egg_info
[2.268s] creating ../../build/py01_launch/py01_launch.egg-info
[2.269s] writing ../../build/py01_launch/py01_launch.egg-info/PKG-INFO
[2.270s] writing dependency_links to ../../build/py01_launch/py01_launch.egg-info/dependency_links.txt
[2.270s] writing entry points to ../../build/py01_launch/py01_launch.egg-info/entry_points.txt
[2.271s] writing requirements to ../../build/py01_launch/py01_launch.egg-info/requires.txt
[2.271s] writing top-level names to ../../build/py01_launch/py01_launch.egg-info/top_level.txt
[2.272s] writing manifest file '../../build/py01_launch/py01_launch.egg-info/SOURCES.txt'
[2.276s] reading manifest file '../../build/py01_launch/py01_launch.egg-info/SOURCES.txt'
[2.277s] writing manifest file '../../build/py01_launch/py01_launch.egg-info/SOURCES.txt'
[2.278s] running build
[2.278s] running build_py
[2.279s] creating /home/xinhongwang/ws02_tools/build/py01_launch/build
[2.280s] creating /home/xinhongwang/ws02_tools/build/py01_launch/build/lib
[2.280s] creating /home/xinhongwang/ws02_tools/build/py01_launch/build/lib/py01_launch
[2.280s] copying py01_launch/__init__.py -> /home/xinhongwang/ws02_tools/build/py01_launch/build/lib/py01_launch
[2.281s] running install
[2.281s] running install_lib
[2.281s] creating /home/xinhongwang/ws02_tools/install/py01_launch/lib/python3.10/site-packages/py01_launch
[2.283s] copying /home/xinhongwang/ws02_tools/build/py01_launch/build/lib/py01_launch/__init__.py -> /home/xinhongwang/ws02_tools/install/py01_launch/lib/python3.10/site-packages/py01_launch
[2.283s] byte-compiling /home/xinhongwang/ws02_tools/install/py01_launch/lib/python3.10/site-packages/py01_launch/__init__.py to __init__.cpython-310.pyc
[2.284s] running install_data
[2.284s] creating /home/xinhongwang/ws02_tools/install/py01_launch/share/ament_index
[2.287s] creating /home/xinhongwang/ws02_tools/install/py01_launch/share/ament_index/resource_index
[2.287s] creating /home/xinhongwang/ws02_tools/install/py01_launch/share/ament_index/resource_index/packages
[2.287s] copying resource/py01_launch -> /home/xinhongwang/ws02_tools/install/py01_launch/share/ament_index/resource_index/packages
[2.287s] copying package.xml -> /home/xinhongwang/ws02_tools/install/py01_launch/share/py01_launch
[2.291s] running install_egg_info
[2.292s] Copying ../../build/py01_launch/py01_launch.egg-info to /home/xinhongwang/ws02_tools/install/py01_launch/lib/python3.10/site-packages/py01_launch-0.0.0-py3.10.egg-info
[2.294s] running install_scripts
[2.341s] writing list of installed files to '/home/xinhongwang/ws02_tools/build/py01_launch/install.log'
[2.424s] Invoked command in '/home/xinhongwang/ws02_tools/src/py01_launch' returned '0': PYTHONPATH=/home/xinhongwang/ws02_tools/build/py01_launch/prefix_override:/usr/lib/python3/dist-packages/colcon_core/task/python/colcon_distutils_commands:/home/xinhongwang/ws02_tools/install/py01_launch/lib/python3.10/site-packages:${PYTHONPATH} /usr/bin/python3 -W ignore:setup.py install is deprecated -W ignore:easy_install command is deprecated setup.py egg_info --egg-base ../../build/py01_launch build --build-base /home/xinhongwang/ws02_tools/build/py01_launch/build install --record /home/xinhongwang/ws02_tools/build/py01_launch/install.log --single-version-externally-managed install_data
