[0.039s] Invoking command in '/home/xinhongwang/ws02_tools/build/car_navigation2': CMAKE_PREFIX_PATH=${CMAKE_PREFIX_PATH}:/opt/ros/humble /usr/bin/cmake /home/xinhongwang/ws02_tools/src/car_navigation2 -DCMAKE_INSTALL_PREFIX=/home/xinhongwang/ws02_tools/install/car_navigation2
[0.243s] -- The C compiler identification is GNU 11.4.0
[0.395s] -- The CXX compiler identification is GNU 11.4.0
[0.407s] -- Detecting C compiler ABI info
[0.528s] -- Detecting C compiler ABI info - done
[0.536s] -- Check for working C compiler: /usr/bin/cc - skipped
[0.536s] -- Detecting C compile features
[0.538s] -- Detecting C compile features - done
[0.545s] -- Detecting CXX compiler ABI info
[0.688s] -- Detecting CXX compiler ABI info - done
[0.693s] -- Check for working CXX compiler: /usr/bin/c++ - skipped
[0.694s] -- Detecting CXX compile features
[0.694s] -- Detecting CXX compile features - done
[0.698s] -- Found ament_cmake: 1.3.11 (/opt/ros/humble/share/ament_cmake/cmake)
[0.880s] -- Found Python3: /usr/bin/python3 (found version "3.10.12") found components: Interpreter 
[0.986s] -- Found ament_lint_auto: 0.12.11 (/opt/ros/humble/share/ament_lint_auto/cmake)
[1.091s] -- Added test 'flake8' to check Python code syntax and style conventions
[1.095s] -- Added test 'lint_cmake' to check CMake code style
[1.095s] -- Added test 'pep257' to check Python code against some of the docstring style conventions in PEP 257
[1.096s] -- Added test 'xmllint' to check XML markup files
[1.099s] -- Configuring done
[1.103s] -- Generating done
[1.105s] -- Build files have been written to: /home/xinhongwang/ws02_tools/build/car_navigation2
[1.111s] Invoked command in '/home/xinhongwang/ws02_tools/build/car_navigation2' returned '0': CMAKE_PREFIX_PATH=${CMAKE_PREFIX_PATH}:/opt/ros/humble /usr/bin/cmake /home/xinhongwang/ws02_tools/src/car_navigation2 -DCMAKE_INSTALL_PREFIX=/home/xinhongwang/ws02_tools/install/car_navigation2
[1.114s] Invoking command in '/home/xinhongwang/ws02_tools/build/car_navigation2': CMAKE_PREFIX_PATH=${CMAKE_PREFIX_PATH}:/opt/ros/humble /usr/bin/cmake --build /home/xinhongwang/ws02_tools/build/car_navigation2 -- -j8 -l8
[1.183s] Invoked command in '/home/xinhongwang/ws02_tools/build/car_navigation2' returned '0': CMAKE_PREFIX_PATH=${CMAKE_PREFIX_PATH}:/opt/ros/humble /usr/bin/cmake --build /home/xinhongwang/ws02_tools/build/car_navigation2 -- -j8 -l8
[1.184s] Invoking command in '/home/xinhongwang/ws02_tools/build/car_navigation2': CMAKE_PREFIX_PATH=${CMAKE_PREFIX_PATH}:/opt/ros/humble /usr/bin/cmake --install /home/xinhongwang/ws02_tools/build/car_navigation2
[1.192s] -- Install configuration: ""
[1.192s] -- Installing: /home/xinhongwang/ws02_tools/install/car_navigation2/share/ament_index/resource_index/package_run_dependencies/car_navigation2
[1.193s] -- Installing: /home/xinhongwang/ws02_tools/install/car_navigation2/share/ament_index/resource_index/parent_prefix_path/car_navigation2
[1.193s] -- Installing: /home/xinhongwang/ws02_tools/install/car_navigation2/share/car_navigation2/environment/ament_prefix_path.sh
[1.193s] -- Installing: /home/xinhongwang/ws02_tools/install/car_navigation2/share/car_navigation2/environment/ament_prefix_path.dsv
[1.193s] -- Installing: /home/xinhongwang/ws02_tools/install/car_navigation2/share/car_navigation2/environment/path.sh
[1.194s] -- Installing: /home/xinhongwang/ws02_tools/install/car_navigation2/share/car_navigation2/environment/path.dsv
[1.194s] -- Installing: /home/xinhongwang/ws02_tools/install/car_navigation2/share/car_navigation2/local_setup.bash
[1.194s] -- Installing: /home/xinhongwang/ws02_tools/install/car_navigation2/share/car_navigation2/local_setup.sh
[1.194s] -- Installing: /home/xinhongwang/ws02_tools/install/car_navigation2/share/car_navigation2/local_setup.zsh
[1.195s] -- Installing: /home/xinhongwang/ws02_tools/install/car_navigation2/share/car_navigation2/local_setup.dsv
[1.195s] -- Installing: /home/xinhongwang/ws02_tools/install/car_navigation2/share/car_navigation2/package.dsv
[1.195s] -- Installing: /home/xinhongwang/ws02_tools/install/car_navigation2/share/ament_index/resource_index/packages/car_navigation2
[1.195s] -- Installing: /home/xinhongwang/ws02_tools/install/car_navigation2/share/car_navigation2/cmake/car_navigation2Config.cmake
[1.196s] -- Installing: /home/xinhongwang/ws02_tools/install/car_navigation2/share/car_navigation2/cmake/car_navigation2Config-version.cmake
[1.196s] -- Installing: /home/xinhongwang/ws02_tools/install/car_navigation2/share/car_navigation2/package.xml
[1.200s] Invoked command in '/home/xinhongwang/ws02_tools/build/car_navigation2' returned '0': CMAKE_PREFIX_PATH=${CMAKE_PREFIX_PATH}:/opt/ros/humble /usr/bin/cmake --install /home/xinhongwang/ws02_tools/build/car_navigation2
