[0.058s] Invoking command in '/home/xinhongwang/ws02_tools/build/cpp06_urdf': CMAKE_PREFIX_PATH=${CMAKE_PREFIX_PATH}:/home/xinhongwang/ws02_tools/install/py01_launch:/opt/ros/humble /usr/bin/cmake /home/xinhongwang/ws02_tools/src/cpp06_urdf -DCMAKE_INSTALL_PREFIX=/home/xinhongwang/ws02_tools/install/cpp06_urdf
[0.383s] -- The C compiler identification is GNU 11.4.0
[0.647s] -- The CXX compiler identification is GNU 11.4.0
[0.678s] -- Detecting C compiler ABI info
[0.947s] -- Detecting C compiler ABI info - done
[0.958s] -- Check for working C compiler: /usr/bin/cc - skipped
[0.964s] -- Detecting C compile features
[0.964s] -- Detecting C compile features - done
[0.970s] -- Detecting CXX compiler ABI info
[1.287s] -- Detecting CXX compiler ABI info - done
[1.302s] -- Check for working CXX compiler: /usr/bin/c++ - skipped
[1.302s] -- Detecting CXX compile features
[1.302s] -- Detecting CXX compile features - done
[1.310s] -- Found ament_cmake: 1.3.11 (/opt/ros/humble/share/ament_cmake/cmake)
[1.691s] -- Found Python3: /usr/bin/python3 (found version "3.10.12") found components: Interpreter 
[1.961s] -- Found ament_lint_auto: 0.12.11 (/opt/ros/humble/share/ament_lint_auto/cmake)
[2.174s] -- Added test 'flake8' to check Python code syntax and style conventions
[2.180s] -- Added test 'lint_cmake' to check CMake code style
[2.185s] -- Added test 'pep257' to check Python code against some of the docstring style conventions in PEP 257
[2.203s] -- Added test 'xmllint' to check XML markup files
[2.213s] -- Configuring done
[2.223s] -- Generating done
[2.227s] -- Build files have been written to: /home/xinhongwang/ws02_tools/build/cpp06_urdf
[2.241s] Invoked command in '/home/xinhongwang/ws02_tools/build/cpp06_urdf' returned '0': CMAKE_PREFIX_PATH=${CMAKE_PREFIX_PATH}:/home/xinhongwang/ws02_tools/install/py01_launch:/opt/ros/humble /usr/bin/cmake /home/xinhongwang/ws02_tools/src/cpp06_urdf -DCMAKE_INSTALL_PREFIX=/home/xinhongwang/ws02_tools/install/cpp06_urdf
[2.251s] Invoking command in '/home/xinhongwang/ws02_tools/build/cpp06_urdf': CMAKE_PREFIX_PATH=${CMAKE_PREFIX_PATH}:/home/xinhongwang/ws02_tools/install/py01_launch:/opt/ros/humble /usr/bin/cmake --build /home/xinhongwang/ws02_tools/build/cpp06_urdf -- -j8 -l8
[2.397s] Invoked command in '/home/xinhongwang/ws02_tools/build/cpp06_urdf' returned '0': CMAKE_PREFIX_PATH=${CMAKE_PREFIX_PATH}:/home/xinhongwang/ws02_tools/install/py01_launch:/opt/ros/humble /usr/bin/cmake --build /home/xinhongwang/ws02_tools/build/cpp06_urdf -- -j8 -l8
[2.431s] Invoking command in '/home/xinhongwang/ws02_tools/build/cpp06_urdf': CMAKE_PREFIX_PATH=${CMAKE_PREFIX_PATH}:/home/xinhongwang/ws02_tools/install/py01_launch:/opt/ros/humble /usr/bin/cmake --install /home/xinhongwang/ws02_tools/build/cpp06_urdf
[2.455s] -- Install configuration: ""
[2.455s] -- Installing: /home/xinhongwang/ws02_tools/install/cpp06_urdf/share/cpp06_urdf/launch
[2.457s] -- Installing: /home/xinhongwang/ws02_tools/install/cpp06_urdf/share/cpp06_urdf/launch/gazebo_sim.launch.py
[2.458s] -- Installing: /home/xinhongwang/ws02_tools/install/cpp06_urdf/share/cpp06_urdf/launch/display.launch.py
[2.459s] -- Installing: /home/xinhongwang/ws02_tools/install/cpp06_urdf/share/cpp06_urdf/rviz
[2.460s] -- Installing: /home/xinhongwang/ws02_tools/install/cpp06_urdf/share/cpp06_urdf/rviz/urdf.rviz
[2.461s] -- Installing: /home/xinhongwang/ws02_tools/install/cpp06_urdf/share/cpp06_urdf/urdf
[2.467s] -- Installing: /home/xinhongwang/ws02_tools/install/cpp06_urdf/share/cpp06_urdf/urdf/model.config
[2.467s] -- Installing: /home/xinhongwang/ws02_tools/install/cpp06_urdf/share/cpp06_urdf/urdf/xacro
[2.468s] -- Installing: /home/xinhongwang/ws02_tools/install/cpp06_urdf/share/cpp06_urdf/urdf/xacro/car_camera.urdf.xacro
[2.470s] -- Installing: /home/xinhongwang/ws02_tools/install/cpp06_urdf/share/cpp06_urdf/urdf/xacro/demo04_base_include.urdf.xacro
[2.473s] -- Installing: /home/xinhongwang/ws02_tools/install/cpp06_urdf/share/cpp06_urdf/urdf/xacro/common_inertia.xacro
[2.476s] -- Installing: /home/xinhongwang/ws02_tools/install/cpp06_urdf/share/cpp06_urdf/urdf/xacro/car.urdf.xacro
[2.476s] -- Installing: /home/xinhongwang/ws02_tools/install/cpp06_urdf/share/cpp06_urdf/urdf/xacro/car_base.urdf.xacro
[2.477s] -- Installing: /home/xinhongwang/ws02_tools/install/cpp06_urdf/share/cpp06_urdf/urdf/xacro/demo03_base_func.urdf.xacro
[2.482s] -- Installing: /home/xinhongwang/ws02_tools/install/cpp06_urdf/share/cpp06_urdf/urdf/xacro/demo02_base_pro.urdf.xacro
[2.483s] -- Installing: /home/xinhongwang/ws02_tools/install/cpp06_urdf/share/cpp06_urdf/urdf/xacro/car_laser.urdf.xacro
[2.484s] -- Installing: /home/xinhongwang/ws02_tools/install/cpp06_urdf/share/cpp06_urdf/urdf/xacro/demo01_helloworld.urdf.xacro
[2.485s] -- Installing: /home/xinhongwang/ws02_tools/install/cpp06_urdf/share/cpp06_urdf/urdf/urdf
[2.486s] -- Installing: /home/xinhongwang/ws02_tools/install/cpp06_urdf/share/cpp06_urdf/urdf/urdf/fis_robot.urdf
[2.487s] -- Installing: /home/xinhongwang/ws02_tools/install/cpp06_urdf/share/cpp06_urdf/urdf/urdf/my_car.pdf
[2.488s] -- Installing: /home/xinhongwang/ws02_tools/install/cpp06_urdf/share/cpp06_urdf/urdf/urdf/demo05_exercise.urdf
[2.488s] -- Installing: /home/xinhongwang/ws02_tools/install/cpp06_urdf/share/cpp06_urdf/urdf/urdf/demo02_link.urdf
[2.489s] -- Installing: /home/xinhongwang/ws02_tools/install/cpp06_urdf/share/cpp06_urdf/urdf/urdf/demo01_helloworld.urdf
[2.489s] -- Installing: /home/xinhongwang/ws02_tools/install/cpp06_urdf/share/cpp06_urdf/urdf/urdf/my_car.gv
[2.489s] -- Installing: /home/xinhongwang/ws02_tools/install/cpp06_urdf/share/cpp06_urdf/urdf/urdf/demo03_joint.urdf
[2.490s] -- Installing: /home/xinhongwang/ws02_tools/install/cpp06_urdf/share/cpp06_urdf/urdf/urdf/demo04_basefootprint.urdf
[2.490s] -- Installing: /home/xinhongwang/ws02_tools/install/cpp06_urdf/share/cpp06_urdf/meshes
[2.490s] -- Installing: /home/xinhongwang/ws02_tools/install/cpp06_urdf/share/cpp06_urdf/meshes/burger_base.stl
[2.521s] -- Installing: /home/xinhongwang/ws02_tools/install/cpp06_urdf/share/cpp06_urdf/worlds
[2.522s] -- Installing: /home/xinhongwang/ws02_tools/install/cpp06_urdf/share/cpp06_urdf/worlds/custorm_room.world
[2.524s] -- Installing: /home/xinhongwang/ws02_tools/install/cpp06_urdf/share/cpp06_urdf/worlds/room
[2.524s] -- Installing: /home/xinhongwang/ws02_tools/install/cpp06_urdf/share/cpp06_urdf/worlds/room/model.sdf
[2.525s] -- Installing: /home/xinhongwang/ws02_tools/install/cpp06_urdf/share/cpp06_urdf/worlds/room/model.config
[2.525s] -- Installing: /home/xinhongwang/ws02_tools/install/cpp06_urdf/share/cpp06_urdf/worlds/empty.world
[2.525s] -- Installing: /home/xinhongwang/ws02_tools/install/cpp06_urdf/share/cpp06_urdf/config
[2.525s] -- Installing: /home/xinhongwang/ws02_tools/install/cpp06_urdf/share/cpp06_urdf/config/controllers.yaml
[2.527s] -- Installing: /home/xinhongwang/ws02_tools/install/cpp06_urdf/share/cpp06_urdf/config/display_robot_model.rviz
[2.528s] -- Installing: /home/xinhongwang/ws02_tools/install/cpp06_urdf/share/ament_index/resource_index/package_run_dependencies/cpp06_urdf
[2.529s] -- Installing: /home/xinhongwang/ws02_tools/install/cpp06_urdf/share/ament_index/resource_index/parent_prefix_path/cpp06_urdf
[2.529s] -- Installing: /home/xinhongwang/ws02_tools/install/cpp06_urdf/share/cpp06_urdf/environment/ament_prefix_path.sh
[2.530s] -- Installing: /home/xinhongwang/ws02_tools/install/cpp06_urdf/share/cpp06_urdf/environment/ament_prefix_path.dsv
[2.530s] -- Installing: /home/xinhongwang/ws02_tools/install/cpp06_urdf/share/cpp06_urdf/environment/path.sh
[2.534s] -- Installing: /home/xinhongwang/ws02_tools/install/cpp06_urdf/share/cpp06_urdf/environment/path.dsv
[2.534s] -- Installing: /home/xinhongwang/ws02_tools/install/cpp06_urdf/share/cpp06_urdf/local_setup.bash
[2.535s] -- Installing: /home/xinhongwang/ws02_tools/install/cpp06_urdf/share/cpp06_urdf/local_setup.sh
[2.535s] -- Installing: /home/xinhongwang/ws02_tools/install/cpp06_urdf/share/cpp06_urdf/local_setup.zsh
[2.535s] -- Installing: /home/xinhongwang/ws02_tools/install/cpp06_urdf/share/cpp06_urdf/local_setup.dsv
[2.535s] -- Installing: /home/xinhongwang/ws02_tools/install/cpp06_urdf/share/cpp06_urdf/package.dsv
[2.536s] -- Installing: /home/xinhongwang/ws02_tools/install/cpp06_urdf/share/ament_index/resource_index/packages/cpp06_urdf
[2.536s] -- Installing: /home/xinhongwang/ws02_tools/install/cpp06_urdf/share/cpp06_urdf/cmake/cpp06_urdfConfig.cmake
[2.536s] -- Installing: /home/xinhongwang/ws02_tools/install/cpp06_urdf/share/cpp06_urdf/cmake/cpp06_urdfConfig-version.cmake
[2.536s] -- Installing: /home/xinhongwang/ws02_tools/install/cpp06_urdf/share/cpp06_urdf/package.xml
[2.541s] Invoked command in '/home/xinhongwang/ws02_tools/build/cpp06_urdf' returned '0': CMAKE_PREFIX_PATH=${CMAKE_PREFIX_PATH}:/home/xinhongwang/ws02_tools/install/py01_launch:/opt/ros/humble /usr/bin/cmake --install /home/xinhongwang/ws02_tools/build/cpp06_urdf
