[0.036s] Invoking command in '/home/xinhongwang/ws02_tools/build/cpp06_urdf': CMAKE_PREFIX_PATH=${CMAKE_PREFIX_PATH}:/home/xinhongwang/ws02_tools/install/py01_launch:/opt/ros/humble /usr/bin/cmake --build /home/xinhongwang/ws02_tools/build/cpp06_urdf -- -j8 -l8
[0.479s] Invoked command in '/home/xinhongwang/ws02_tools/build/cpp06_urdf' returned '0': CMAKE_PREFIX_PATH=${CMAKE_PREFIX_PATH}:/home/xinhongwang/ws02_tools/install/py01_launch:/opt/ros/humble /usr/bin/cmake --build /home/xinhongwang/ws02_tools/build/cpp06_urdf -- -j8 -l8
[0.492s] Invoking command in '/home/xinhongwang/ws02_tools/build/cpp06_urdf': CMAKE_PREFIX_PATH=${CMAKE_PREFIX_PATH}:/home/xinhongwang/ws02_tools/install/py01_launch:/opt/ros/humble /usr/bin/cmake --install /home/xinhongwang/ws02_tools/build/cpp06_urdf
[0.510s] -- Install configuration: ""
[0.510s] -- Execute custom install script
[0.510s] -- Up-to-date symlink: /home/xinhongwang/ws02_tools/install/cpp06_urdf/share/cpp06_urdf/launch/display.launch.py
[0.510s] -- Up-to-date symlink: /home/xinhongwang/ws02_tools/install/cpp06_urdf/share/cpp06_urdf/launch/gazebo_sim.launch.py
[0.510s] -- Up-to-date symlink: /home/xinhongwang/ws02_tools/install/cpp06_urdf/share/cpp06_urdf/rviz/urdf.rviz
[0.512s] -- Up-to-date symlink: /home/xinhongwang/ws02_tools/install/cpp06_urdf/share/cpp06_urdf/urdf/model.config
[0.512s] -- Up-to-date symlink: /home/xinhongwang/ws02_tools/install/cpp06_urdf/share/cpp06_urdf/urdf/urdf/demo01_helloworld.urdf
[0.512s] -- Up-to-date symlink: /home/xinhongwang/ws02_tools/install/cpp06_urdf/share/cpp06_urdf/urdf/urdf/demo02_link.urdf
[0.516s] -- Up-to-date symlink: /home/xinhongwang/ws02_tools/install/cpp06_urdf/share/cpp06_urdf/urdf/urdf/demo03_joint.urdf
[0.518s] -- Up-to-date symlink: /home/xinhongwang/ws02_tools/install/cpp06_urdf/share/cpp06_urdf/urdf/urdf/demo04_basefootprint.urdf
[0.518s] -- Up-to-date symlink: /home/xinhongwang/ws02_tools/install/cpp06_urdf/share/cpp06_urdf/urdf/urdf/demo05_exercise.urdf
[0.518s] -- Up-to-date symlink: /home/xinhongwang/ws02_tools/install/cpp06_urdf/share/cpp06_urdf/urdf/urdf/fish_robot.urdf
[0.518s] -- Up-to-date symlink: /home/xinhongwang/ws02_tools/install/cpp06_urdf/share/cpp06_urdf/urdf/urdf/my_car.gv
[0.520s] -- Up-to-date symlink: /home/xinhongwang/ws02_tools/install/cpp06_urdf/share/cpp06_urdf/urdf/urdf/my_car.pdf
[0.521s] -- Up-to-date symlink: /home/xinhongwang/ws02_tools/install/cpp06_urdf/share/cpp06_urdf/urdf/urdf/two_wheels.urdf
[0.521s] -- Up-to-date symlink: /home/xinhongwang/ws02_tools/install/cpp06_urdf/share/cpp06_urdf/urdf/xacro/car.urdf.xacro
[0.522s] -- Up-to-date symlink: /home/xinhongwang/ws02_tools/install/cpp06_urdf/share/cpp06_urdf/urdf/xacro/car_base.urdf.xacro
[0.523s] -- Up-to-date symlink: /home/xinhongwang/ws02_tools/install/cpp06_urdf/share/cpp06_urdf/urdf/xacro/car_camera.urdf.xacro
[0.532s] -- Up-to-date symlink: /home/xinhongwang/ws02_tools/install/cpp06_urdf/share/cpp06_urdf/urdf/xacro/car_caster.urdf.xacro
[0.533s] -- Up-to-date symlink: /home/xinhongwang/ws02_tools/install/cpp06_urdf/share/cpp06_urdf/urdf/xacro/car_control.urdf.xacro
[0.533s] -- Up-to-date symlink: /home/xinhongwang/ws02_tools/install/cpp06_urdf/share/cpp06_urdf/urdf/xacro/car_imu.urdf.xacro
[0.533s] -- Up-to-date symlink: /home/xinhongwang/ws02_tools/install/cpp06_urdf/share/cpp06_urdf/urdf/xacro/car_laser.urdf.xacro
[0.533s] -- Up-to-date symlink: /home/xinhongwang/ws02_tools/install/cpp06_urdf/share/cpp06_urdf/urdf/xacro/common_inertia.xacro
[0.533s] -- Up-to-date symlink: /home/xinhongwang/ws02_tools/install/cpp06_urdf/share/cpp06_urdf/urdf/xacro/demo01_helloworld.urdf.xacro
[0.533s] -- Up-to-date symlink: /home/xinhongwang/ws02_tools/install/cpp06_urdf/share/cpp06_urdf/urdf/xacro/demo02_base_pro.urdf.xacro
[0.533s] -- Up-to-date symlink: /home/xinhongwang/ws02_tools/install/cpp06_urdf/share/cpp06_urdf/urdf/xacro/demo03_base_func.urdf.xacro
[0.533s] -- Up-to-date symlink: /home/xinhongwang/ws02_tools/install/cpp06_urdf/share/cpp06_urdf/urdf/xacro/demo04_base_include.urdf.xacro
[0.533s] -- Up-to-date symlink: /home/xinhongwang/ws02_tools/install/cpp06_urdf/share/cpp06_urdf/urdf/xacro/gazebo_control_plugin.xacro
[0.537s] -- Up-to-date symlink: /home/xinhongwang/ws02_tools/install/cpp06_urdf/share/cpp06_urdf/urdf/xacro/gazebo_sensor_plugin.xacro
[0.538s] -- Up-to-date symlink: /home/xinhongwang/ws02_tools/install/cpp06_urdf/share/cpp06_urdf/meshes/burger_base.stl
[0.538s] -- Up-to-date symlink: /home/xinhongwang/ws02_tools/install/cpp06_urdf/share/cpp06_urdf/worlds/custom_room.world
[0.540s] -- Up-to-date symlink: /home/xinhongwang/ws02_tools/install/cpp06_urdf/share/cpp06_urdf/worlds/empty.world
[0.540s] -- Up-to-date symlink: /home/xinhongwang/ws02_tools/install/cpp06_urdf/share/cpp06_urdf/worlds/room/model.config
[0.540s] -- Up-to-date symlink: /home/xinhongwang/ws02_tools/install/cpp06_urdf/share/cpp06_urdf/worlds/room/model.sdf
[0.541s] -- Up-to-date symlink: /home/xinhongwang/ws02_tools/install/cpp06_urdf/share/cpp06_urdf/config/build/.built_by
[0.541s] -- Up-to-date symlink: /home/xinhongwang/ws02_tools/install/cpp06_urdf/share/cpp06_urdf/config/build/COLCON_IGNORE
[0.543s] -- Up-to-date symlink: /home/xinhongwang/ws02_tools/install/cpp06_urdf/share/cpp06_urdf/config/car_controller.yaml
[0.544s] -- Up-to-date symlink: /home/xinhongwang/ws02_tools/install/cpp06_urdf/share/cpp06_urdf/config/display_robot_model.rviz
[0.544s] -- Up-to-date symlink: /home/xinhongwang/ws02_tools/install/cpp06_urdf/share/cpp06_urdf/config/install/.colcon_install_layout
[0.544s] -- Up-to-date symlink: /home/xinhongwang/ws02_tools/install/cpp06_urdf/share/cpp06_urdf/config/install/COLCON_IGNORE
[0.544s] [33mCMake Warning (dev) at ament_cmake_symlink_install/ament_cmake_symlink_install.cmake:62 (file):
[0.544s]   Policy CMP0009 is not set: FILE GLOB_RECURSE calls should not follow
[0.545s]   symlinks by default.  Run "cmake --help-policy CMP0009" for policy details.
[0.546s]   Use the cmake_policy command to set the policy and suppress this warning.
[0.546s] Call Stack (most recent call first):
[0.547s]   ament_cmake_symlink_install/ament_cmake_symlink_install.cmake:314 (ament_cmake_symlink_install_directory)
[0.548s]   cmake_install.cmake:46 (include)
[0.549s] This warning is for project developers.  Use -Wno-dev to suppress it.
[0.550s] [0m
[0.550s] -- Up-to-date symlink: /home/xinhongwang/ws02_tools/install/cpp06_urdf/share/cpp06_urdf/config/install/_local_setup_util_ps1.py
[0.550s] -- Up-to-date symlink: /home/xinhongwang/ws02_tools/install/cpp06_urdf/share/cpp06_urdf/config/install/_local_setup_util_sh.py
[0.550s] -- Up-to-date symlink: /home/xinhongwang/ws02_tools/install/cpp06_urdf/share/cpp06_urdf/config/install/local_setup.bash
[0.551s] -- Up-to-date symlink: /home/xinhongwang/ws02_tools/install/cpp06_urdf/share/cpp06_urdf/config/install/local_setup.ps1
[0.552s] -- Up-to-date symlink: /home/xinhongwang/ws02_tools/install/cpp06_urdf/share/cpp06_urdf/config/install/local_setup.sh
[0.552s] -- Up-to-date symlink: /home/xinhongwang/ws02_tools/install/cpp06_urdf/share/cpp06_urdf/config/install/local_setup.zsh
[0.553s] -- Up-to-date symlink: /home/xinhongwang/ws02_tools/install/cpp06_urdf/share/cpp06_urdf/config/install/setup.bash
[0.555s] -- Up-to-date symlink: /home/xinhongwang/ws02_tools/install/cpp06_urdf/share/cpp06_urdf/config/install/setup.ps1
[0.555s] -- Up-to-date symlink: /home/xinhongwang/ws02_tools/install/cpp06_urdf/share/cpp06_urdf/config/install/setup.sh
[0.556s] -- Up-to-date symlink: /home/xinhongwang/ws02_tools/install/cpp06_urdf/share/cpp06_urdf/config/install/setup.zsh
[0.556s] -- Up-to-date symlink: /home/xinhongwang/ws02_tools/install/cpp06_urdf/share/cpp06_urdf/config/log/COLCON_IGNORE
[0.556s] -- Up-to-date symlink: /home/xinhongwang/ws02_tools/install/cpp06_urdf/share/cpp06_urdf/config/log/build_2025-03-20_16-20-56/events.log
[0.557s] -- Up-to-date symlink: /home/xinhongwang/ws02_tools/install/cpp06_urdf/share/cpp06_urdf/config/log/build_2025-03-20_16-20-56/logger_all.log
[0.558s] -- Up-to-date symlink: /home/xinhongwang/ws02_tools/install/cpp06_urdf/share/cpp06_urdf/config/log/latest/events.log
[0.558s] -- Up-to-date symlink: /home/xinhongwang/ws02_tools/install/cpp06_urdf/share/cpp06_urdf/config/log/latest/logger_all.log
[0.559s] -- Up-to-date symlink: /home/xinhongwang/ws02_tools/install/cpp06_urdf/share/cpp06_urdf/config/log/latest_build/events.log
[0.559s] -- Up-to-date symlink: /home/xinhongwang/ws02_tools/install/cpp06_urdf/share/cpp06_urdf/config/log/latest_build/logger_all.log
[0.560s] -- Up-to-date symlink: /home/xinhongwang/ws02_tools/install/cpp06_urdf/share/ament_index/resource_index/package_run_dependencies/cpp06_urdf
[0.560s] -- Up-to-date symlink: /home/xinhongwang/ws02_tools/install/cpp06_urdf/share/ament_index/resource_index/parent_prefix_path/cpp06_urdf
[0.560s] -- Up-to-date symlink: /home/xinhongwang/ws02_tools/install/cpp06_urdf/share/cpp06_urdf/environment/ament_prefix_path.sh
[0.560s] -- Up-to-date symlink: /home/xinhongwang/ws02_tools/install/cpp06_urdf/share/cpp06_urdf/environment/ament_prefix_path.dsv
[0.560s] -- Up-to-date symlink: /home/xinhongwang/ws02_tools/install/cpp06_urdf/share/cpp06_urdf/environment/path.sh
[0.560s] -- Up-to-date symlink: /home/xinhongwang/ws02_tools/install/cpp06_urdf/share/cpp06_urdf/environment/path.dsv
[0.561s] -- Up-to-date symlink: /home/xinhongwang/ws02_tools/install/cpp06_urdf/share/cpp06_urdf/local_setup.bash
[0.561s] -- Up-to-date symlink: /home/xinhongwang/ws02_tools/install/cpp06_urdf/share/cpp06_urdf/local_setup.sh
[0.561s] -- Up-to-date symlink: /home/xinhongwang/ws02_tools/install/cpp06_urdf/share/cpp06_urdf/local_setup.zsh
[0.561s] -- Up-to-date symlink: /home/xinhongwang/ws02_tools/install/cpp06_urdf/share/cpp06_urdf/local_setup.dsv
[0.561s] -- Symlinking: /home/xinhongwang/ws02_tools/install/cpp06_urdf/share/cpp06_urdf/package.dsv
[0.588s] -- Up-to-date symlink: /home/xinhongwang/ws02_tools/install/cpp06_urdf/share/ament_index/resource_index/packages/cpp06_urdf
[0.588s] -- Up-to-date symlink: /home/xinhongwang/ws02_tools/install/cpp06_urdf/share/cpp06_urdf/cmake/cpp06_urdfConfig.cmake
[0.590s] -- Up-to-date symlink: /home/xinhongwang/ws02_tools/install/cpp06_urdf/share/cpp06_urdf/cmake/cpp06_urdfConfig-version.cmake
[0.590s] -- Up-to-date symlink: /home/xinhongwang/ws02_tools/install/cpp06_urdf/share/cpp06_urdf/package.xml
[0.604s] Invoked command in '/home/xinhongwang/ws02_tools/build/cpp06_urdf' returned '0': CMAKE_PREFIX_PATH=${CMAKE_PREFIX_PATH}:/home/xinhongwang/ws02_tools/install/py01_launch:/opt/ros/humble /usr/bin/cmake --install /home/xinhongwang/ws02_tools/build/cpp06_urdf
